[3/14/2023, 7:13:50 AM] [SERVER] [info]: Starting server with port:: 9000
[3/14/2023, 7:13:50 AM] [DATABASE] [info]: MongoDb:: [conbocudb] is connected!
[3/14/2023, 7:13:50 AM] [DATABASE] [info]: MongoDb:: [konking] is connected!
[3/14/2023, 7:14:00 AM] [SERVER] [info]: validating Sigin input
[3/14/2023, 7:14:00 AM] [SERVER] [info]: [object Promise],[object Promise]
[3/14/2023, 7:21:07 AM] [SERVER] [info]: Starting server with port:: 9000
[3/14/2023, 7:21:07 AM] [DATABASE] [info]: MongoDb:: [conbocudb] is connected!
[3/14/2023, 7:21:08 AM] [DATABASE] [info]: MongoDb:: [konking] is connected!
[3/14/2023, 7:21:38 AM] [SERVER] [info]: Starting server with port:: 9000
[3/14/2023, 7:21:38 AM] [DATABASE] [info]: MongoDb:: [conbocudb] is connected!
[3/14/2023, 7:21:38 AM] [DATABASE] [info]: MongoDb:: [konking] is connected!
[3/14/2023, 7:22:30 AM] [SERVER] [info]: Starting server with port:: 9000
[3/14/2023, 7:22:30 AM] [DATABASE] [info]: MongoDb:: [conbocudb] is connected!
[3/14/2023, 7:22:31 AM] [DATABASE] [info]: MongoDb:: [konking] is connected!
[3/14/2023, 7:26:38 AM] [SERVER] [info]: Starting server with port:: 9000
[3/14/2023, 7:26:38 AM] [DATABASE] [info]: MongoDb:: [conbocudb] is connected!
[3/14/2023, 7:26:38 AM] [DATABASE] [info]: MongoDb:: [konking] is connected!
[3/14/2023, 7:29:32 AM] [SERVER] [info]: Starting server with port:: 9000
[3/14/2023, 7:29:32 AM] [DATABASE] [info]: MongoDb:: [conbocudb] is connected!
[3/14/2023, 7:29:33 AM] [DATABASE] [info]: MongoDb:: [konking] is connected!
[3/14/2023, 7:29:37 AM] [SERVER] [info]: validating Sigin input
[3/14/2023, 7:29:37 AM] [SERVER] [error]: [App] ERROR:: "[TTT]error.message"
[3/14/2023, 7:29:37 AM] [SERVER] [info]: err -> Error: [TTT]error.message
[3/14/2023, 7:29:37 AM] [SERVER] [info]: BadRequestError
[3/14/2023, 7:30:27 AM] [SERVER] [info]: Starting server with port:: 9000
[3/14/2023, 7:30:27 AM] [DATABASE] [info]: MongoDb:: [conbocudb] is connected!
[3/14/2023, 7:30:28 AM] [DATABASE] [info]: MongoDb:: [konking] is connected!
[3/14/2023, 7:31:14 AM] [SERVER] [info]: Starting server with port:: 9000
[3/14/2023, 7:31:14 AM] [DATABASE] [info]: MongoDb:: [conbocudb] is connected!
[3/14/2023, 7:31:15 AM] [DATABASE] [info]: MongoDb:: [konking] is connected!
[3/14/2023, 7:31:39 AM] [SERVER] [info]: Starting server with port:: 9000
[3/14/2023, 7:31:39 AM] [DATABASE] [info]: MongoDb:: [conbocudb] is connected!
[3/14/2023, 7:31:39 AM] [DATABASE] [info]: MongoDb:: [konking] is connected!
[3/14/2023, 7:35:10 AM] [SERVER] [info]: validating Sigin input
[3/14/2023, 7:35:10 AM] [SERVER] [info]: {
  author: '',
  _id: new ObjectId("640f5df55e74005af1c8800e"),
  code: 'LEARNER',
  status: true,
  createdAt: 2023-03-13T17:31:33.856Z,
  updatedAt: 2023-03-13T17:31:33.856Z
},{
  _id: new ObjectId("640f7ed23032450a09236493"),
  roleId: 'KALF78Q9Q1',
  code: 'GUEST',
  key: 'GUEST',
  author: '',
  description: 'GUEST',
  notes: 'GUEST',
  createdAt: 2023-03-13T19:51:46.882Z,
  updatedAt: 2023-03-13T19:51:46.882Z
}
[3/14/2023, 7:36:17 AM] [SERVER] [info]: Starting server with port:: 9000
[3/14/2023, 7:36:17 AM] [DATABASE] [info]: MongoDb:: [conbocudb] is connected!
[3/14/2023, 7:36:17 AM] [DATABASE] [info]: MongoDb:: [konking] is connected!
[3/14/2023, 7:37:50 AM] [SERVER] [info]: Starting server with port:: 9000
[3/14/2023, 7:37:50 AM] [DATABASE] [info]: MongoDb:: [conbocudb] is connected!
[3/14/2023, 7:37:51 AM] [DATABASE] [info]: MongoDb:: [konking] is connected!
[3/14/2023, 7:38:38 AM] [SERVER] [info]: Starting server with port:: 9000
[3/14/2023, 7:38:38 AM] [DATABASE] [info]: MongoDb:: [conbocudb] is connected!
[3/14/2023, 7:38:38 AM] [DATABASE] [info]: MongoDb:: [konking] is connected!
[3/14/2023, 7:38:55 AM] [SERVER] [info]: Starting server with port:: 9000
[3/14/2023, 7:38:55 AM] [DATABASE] [info]: MongoDb:: [conbocudb] is connected!
[3/14/2023, 7:38:55 AM] [DATABASE] [info]: MongoDb:: [konking] is connected!
[3/14/2023, 7:38:57 AM] [SERVER] [info]: Starting server with port:: 9000
[3/14/2023, 7:38:57 AM] [DATABASE] [info]: MongoDb:: [conbocudb] is connected!
[3/14/2023, 7:38:58 AM] [DATABASE] [info]: MongoDb:: [konking] is connected!
[3/14/2023, 7:39:20 AM] [SERVER] [info]: Starting server with port:: 9000
[3/14/2023, 7:39:20 AM] [DATABASE] [info]: MongoDb:: [conbocudb] is connected!
[3/14/2023, 7:39:21 AM] [DATABASE] [info]: MongoDb:: [konking] is connected!
[3/14/2023, 7:39:30 AM] [SERVER] [info]: validating Sigin input
[3/14/2023, 7:39:30 AM] [SERVER] [info]: {
  author: '',
  _id: new ObjectId("640f5df55e74005af1c8800e"),
  code: 'LEARNER',
  status: true,
  createdAt: 2023-03-13T17:31:33.856Z,
  updatedAt: 2023-03-13T17:31:33.856Z
},{
  _id: new ObjectId("640f7ed23032450a09236493"),
  roleId: 'KALF78Q9Q1',
  code: 'GUEST',
  key: 'GUEST',
  author: '',
  description: 'GUEST',
  notes: 'GUEST',
  createdAt: 2023-03-13T19:51:46.882Z,
  updatedAt: 2023-03-13T19:51:46.882Z
}
[3/14/2023, 7:42:03 AM] [SERVER] [info]: Starting server with port:: 9000
[3/14/2023, 7:42:03 AM] [DATABASE] [info]: MongoDb:: [conbocudb] is connected!
[3/14/2023, 7:42:03 AM] [DATABASE] [info]: MongoDb:: [konking] is connected!
[3/14/2023, 7:42:09 AM] [SERVER] [info]: validating Sigin input
[3/14/2023, 7:42:09 AM] [SERVER] [info]: LEARNER,GUEST
[3/14/2023, 7:43:09 AM] [SERVER] [info]: [object Object]
[3/14/2023, 7:43:09 AM] [SERVER] [error]: [App] ERROR:: "existEmail"
[3/14/2023, 7:43:09 AM] [SERVER] [info]: err -> Error: existEmail
[3/14/2023, 7:43:09 AM] [SERVER] [info]: BadRequestError
[3/14/2023, 7:43:12 AM] [SERVER] [info]: validating Sigin input
[3/14/2023, 7:43:12 AM] [SERVER] [info]: LEARNER,GUEST
[3/14/2023, 7:43:40 AM] [SERVER] [info]: GUEST
[3/14/2023, 7:43:40 AM] [SERVER] [info]: 1
[3/14/2023, 7:43:40 AM] [SERVER] [info]: {"userId":"ce01f03a-b816-4ed4-ae86-b5896eaeaf32","username":"khabodo","roles":["LEARNER","GUEST"],"iat":1678754592,"exp":1678758192}
[3/14/2023, 7:43:40 AM] [SERVER] [info]: GUEST +++++++ {"userId":"ce01f03a-b816-4ed4-ae86-b5896eaeaf32","username":"khabodo","roles":["LEARNER","GUEST"]}
[3/14/2023, 7:43:40 AM] [SERVER] [info]: {"user":{"userId":"ce01f03a-b816-4ed4-ae86-b5896eaeaf32","username":"khabodo","roles":["LEARNER","GUEST"]},"authorized":true,"currentRoleCodes":["GUEST"]}
[3/14/2023, 7:44:53 AM] [SERVER] [info]: Starting server with port:: 9000
[3/14/2023, 7:44:53 AM] [DATABASE] [info]: MongoDb:: [conbocudb] is connected!
[3/14/2023, 7:44:53 AM] [DATABASE] [info]: MongoDb:: [konking] is connected!
[3/14/2023, 7:45:01 AM] [SERVER] [info]: GUEST
[3/14/2023, 7:45:01 AM] [SERVER] [info]: 1
[3/14/2023, 7:45:01 AM] [SERVER] [info]: {"userId":"ce01f03a-b816-4ed4-ae86-b5896eaeaf32","username":"khabodo","roles":["LEARNER","GUEST"],"iat":1678754592,"exp":1678758192}
[3/14/2023, 7:45:01 AM] [SERVER] [info]: GUEST +++++++ LEARNER,GUEST
[3/14/2023, 7:45:01 AM] [SERVER] [info]: {"user":{"userId":"ce01f03a-b816-4ed4-ae86-b5896eaeaf32","username":"khabodo","roles":["LEARNER","GUEST"]},"authorized":true,"currentRoleCodes":["GUEST"]}
[3/14/2023, 7:48:29 AM] [SERVER] [info]: Starting server with port:: 9000
[3/14/2023, 7:48:29 AM] [DATABASE] [info]: MongoDb:: [conbocudb] is connected!
[3/14/2023, 7:48:30 AM] [DATABASE] [info]: MongoDb:: [konking] is connected!
[3/14/2023, 7:48:56 AM] [SERVER] [info]: Starting server with port:: 9000
[3/14/2023, 7:48:56 AM] [DATABASE] [info]: MongoDb:: [conbocudb] is connected!
[3/14/2023, 7:48:57 AM] [DATABASE] [info]: MongoDb:: [konking] is connected!
[3/14/2023, 7:53:26 AM] [SERVER] [error]: uncaughtException: Unexpected identifier
/home/kaka/github/trongnghiango/nodejs-jenkins-docker-do/src/api/v1/validators/roles.validator.js:66
  validateCreatedRole: (req, res, next) => {
  ^^^^^^^^^^^^^^^^^^^

SyntaxError: Unexpected identifier
    at Object.compileFunction (node:vm:360:18)
    at wrapSafe (node:internal/modules/cjs/loader:1088:15)
    at Module._compile (node:internal/modules/cjs/loader:1123:27)
    at Module._extensions..js (node:internal/modules/cjs/loader:1213:10)
    at Module.load (node:internal/modules/cjs/loader:1037:32)
    at Module._load (node:internal/modules/cjs/loader:878:12)
    at Module.require (node:internal/modules/cjs/loader:1061:19)
    at require (node:internal/modules/cjs/helpers:103:18)
    at Object.<anonymous> (/home/kaka/github/trongnghiango/nodejs-jenkins-docker-do/src/api/v1/routes/index.js:23:37)
    at Module._compile (node:internal/modules/cjs/loader:1159:14)
{"date":"Tue Mar 14 2023 07:53:26 GMT+0700 (Indochina Time)","error":{},"exception":true,"level":"error","message":"uncaughtException: Unexpected identifier\n/home/kaka/github/trongnghiango/nodejs-jenkins-docker-do/src/api/v1/validators/roles.validator.js:66\n  validateCreatedRole: (req, res, next) => {\n  ^^^^^^^^^^^^^^^^^^^\n\nSyntaxError: Unexpected identifier\n    at Object.compileFunction (node:vm:360:18)\n    at wrapSafe (node:internal/modules/cjs/loader:1088:15)\n    at Module._compile (node:internal/modules/cjs/loader:1123:27)\n    at Module._extensions..js (node:internal/modules/cjs/loader:1213:10)\n    at Module.load (node:internal/modules/cjs/loader:1037:32)\n    at Module._load (node:internal/modules/cjs/loader:878:12)\n    at Module.require (node:internal/modules/cjs/loader:1061:19)\n    at require (node:internal/modules/cjs/helpers:103:18)\n    at Object.<anonymous> (/home/kaka/github/trongnghiango/nodejs-jenkins-docker-do/src/api/v1/routes/index.js:23:37)\n    at Module._compile (node:internal/modules/cjs/loader:1159:14)","os":{"loadavg":[1.67,1.7,1.65],"uptime":24819.98},"process":{"argv":["/home/kaka/.nvm/versions/node/v18.12.1/bin/node","/home/kaka/github/trongnghiango/nodejs-jenkins-docker-do/src/server.js"],"cwd":"/home/kaka/github/trongnghiango/nodejs-jenkins-docker-do","execPath":"/home/kaka/.nvm/versions/node/v18.12.1/bin/node","gid":1001,"memoryUsage":{"arrayBuffers":18452147,"external":19343616,"heapTotal":59531264,"heapUsed":27751976,"rss":92217344},"pid":46244,"uid":1000,"version":"v18.12.1"},"stack":"/home/kaka/github/trongnghiango/nodejs-jenkins-docker-do/src/api/v1/validators/roles.validator.js:66\n  validateCreatedRole: (req, res, next) => {\n  ^^^^^^^^^^^^^^^^^^^\n\nSyntaxError: Unexpected identifier\n    at Object.compileFunction (node:vm:360:18)\n    at wrapSafe (node:internal/modules/cjs/loader:1088:15)\n    at Module._compile (node:internal/modules/cjs/loader:1123:27)\n    at Module._extensions..js (node:internal/modules/cjs/loader:1213:10)\n    at Module.load (node:internal/modules/cjs/loader:1037:32)\n    at Module._load (node:internal/modules/cjs/loader:878:12)\n    at Module.require (node:internal/modules/cjs/loader:1061:19)\n    at require (node:internal/modules/cjs/helpers:103:18)\n    at Object.<anonymous> (/home/kaka/github/trongnghiango/nodejs-jenkins-docker-do/src/api/v1/routes/index.js:23:37)\n    at Module._compile (node:internal/modules/cjs/loader:1159:14)","trace":[{"column":18,"file":"node:vm","function":"Object.compileFunction","line":360,"method":"compileFunction","native":false},{"column":15,"file":"node:internal/modules/cjs/loader","function":"wrapSafe","line":1088,"method":null,"native":false},{"column":27,"file":"node:internal/modules/cjs/loader","function":"Module._compile","line":1123,"method":"_compile","native":false},{"column":10,"file":"node:internal/modules/cjs/loader","function":"Module._extensions..js","line":1213,"method":".js","native":false},{"column":32,"file":"node:internal/modules/cjs/loader","function":"Module.load","line":1037,"method":"load","native":false},{"column":12,"file":"node:internal/modules/cjs/loader","function":"Module._load","line":878,"method":"_load","native":false},{"column":19,"file":"node:internal/modules/cjs/loader","function":"Module.require","line":1061,"method":"require","native":false},{"column":18,"file":"node:internal/modules/cjs/helpers","function":"require","line":103,"method":null,"native":false},{"column":37,"file":"/home/kaka/github/trongnghiango/nodejs-jenkins-docker-do/src/api/v1/routes/index.js","function":null,"line":23,"method":null,"native":false},{"column":14,"file":"node:internal/modules/cjs/loader","function":"Module._compile","line":1159,"method":"_compile","native":false}]}
[3/14/2023, 7:53:27 AM] [DATABASE] [info]: MongoDb:: [conbocudb] is connected!
[3/14/2023, 7:53:27 AM] [DATABASE] [info]: MongoDb:: [konking] is connected!
[3/14/2023, 7:53:47 AM] [SERVER] [info]: Starting server with port:: 9000
[3/14/2023, 7:53:47 AM] [DATABASE] [info]: MongoDb:: [conbocudb] is connected!
[3/14/2023, 7:53:47 AM] [DATABASE] [info]: MongoDb:: [konking] is connected!
[3/14/2023, 7:54:02 AM] [SERVER] [info]: Starting server with port:: 9000
[3/14/2023, 7:54:02 AM] [DATABASE] [info]: MongoDb:: [conbocudb] is connected!
[3/14/2023, 7:54:02 AM] [DATABASE] [info]: MongoDb:: [konking] is connected!
[3/14/2023, 7:54:09 AM] [SERVER] [info]: Starting server with port:: 9000
[3/14/2023, 7:54:09 AM] [DATABASE] [info]: MongoDb:: [conbocudb] is connected!
[3/14/2023, 7:54:10 AM] [DATABASE] [info]: MongoDb:: [konking] is connected!
[3/14/2023, 7:54:23 AM] [SERVER] [info]: Starting server with port:: 9000
[3/14/2023, 7:54:23 AM] [DATABASE] [info]: MongoDb:: [conbocudb] is connected!
[3/14/2023, 7:54:23 AM] [DATABASE] [info]: MongoDb:: [konking] is connected!
[3/14/2023, 7:54:29 AM] [SERVER] [info]: Starting server with port:: 9000
[3/14/2023, 7:54:29 AM] [DATABASE] [info]: MongoDb:: [conbocudb] is connected!
[3/14/2023, 7:54:30 AM] [DATABASE] [info]: MongoDb:: [konking] is connected!
[3/14/2023, 7:54:54 AM] [SERVER] [info]: Starting server with port:: 9000
[3/14/2023, 7:54:54 AM] [DATABASE] [info]: MongoDb:: [conbocudb] is connected!
[3/14/2023, 7:54:55 AM] [DATABASE] [info]: MongoDb:: [konking] is connected!
[3/14/2023, 7:55:09 AM] [SERVER] [error]: [App] ERROR:: "\"value\" length must be at least 3 characters long"
[3/14/2023, 7:55:09 AM] [SERVER] [info]: err -> Error: "value" length must be at least 3 characters long
[3/14/2023, 7:55:09 AM] [SERVER] [info]: BadRequestError
[3/14/2023, 7:55:19 AM] [SERVER] [info]: GUEST
[3/14/2023, 7:55:19 AM] [SERVER] [info]: 1
[3/14/2023, 7:55:19 AM] [SERVER] [info]: {"userId":"ce01f03a-b816-4ed4-ae86-b5896eaeaf32","username":"khabodo","roles":["LEARNER","GUEST"],"iat":1678754592,"exp":1678758192}
[3/14/2023, 7:55:19 AM] [SERVER] [info]: GUEST +++++++ LEARNER,GUEST
[3/14/2023, 7:55:19 AM] [SERVER] [info]: {"user":{"userId":"ce01f03a-b816-4ed4-ae86-b5896eaeaf32","username":"khabodo","roles":["LEARNER","GUEST"]},"authorized":true,"currentRoleCodes":["GUEST"]}
[3/14/2023, 7:55:19 AM] [SERVER] [error]: [App] ERROR:: "Cast to ObjectId failed for value \"{ _id: '85j6' }\" (type Object) at path \"_id\" for model \"Role\""
[3/14/2023, 7:55:19 AM] [SERVER] [info]: err -> Error: Cast to ObjectId failed for value "{ _id: '85j6' }" (type Object) at path "_id" for model "Role"
[3/14/2023, 7:55:19 AM] [SERVER] [info]: BadRequestError
[3/14/2023, 7:55:43 AM] [SERVER] [info]: GUEST
[3/14/2023, 7:55:43 AM] [SERVER] [info]: 1
[3/14/2023, 7:55:43 AM] [SERVER] [info]: {"userId":"ce01f03a-b816-4ed4-ae86-b5896eaeaf32","username":"khabodo","roles":["LEARNER","GUEST"],"iat":1678754592,"exp":1678758192}
[3/14/2023, 7:55:43 AM] [SERVER] [info]: GUEST +++++++ LEARNER,GUEST
[3/14/2023, 7:55:43 AM] [SERVER] [info]: {"user":{"userId":"ce01f03a-b816-4ed4-ae86-b5896eaeaf32","username":"khabodo","roles":["LEARNER","GUEST"]},"authorized":true,"currentRoleCodes":["GUEST"]}
[3/14/2023, 7:55:53 AM] [SERVER] [info]: GUEST
[3/14/2023, 7:55:53 AM] [SERVER] [info]: 1
[3/14/2023, 7:55:53 AM] [SERVER] [info]: {"userId":"ce01f03a-b816-4ed4-ae86-b5896eaeaf32","username":"khabodo","roles":["LEARNER","GUEST"],"iat":1678754592,"exp":1678758192}
[3/14/2023, 7:55:53 AM] [SERVER] [info]: GUEST +++++++ LEARNER,GUEST
[3/14/2023, 7:55:53 AM] [SERVER] [info]: {"user":{"userId":"ce01f03a-b816-4ed4-ae86-b5896eaeaf32","username":"khabodo","roles":["LEARNER","GUEST"]},"authorized":true,"currentRoleCodes":["GUEST"]}
[3/14/2023, 7:55:53 AM] [SERVER] [error]: [App] ERROR:: "Cast to ObjectId failed for value \"{ _id: '640f7ed' }\" (type Object) at path \"_id\" for model \"Role\""
[3/14/2023, 7:55:53 AM] [SERVER] [info]: err -> Error: Cast to ObjectId failed for value "{ _id: '640f7ed' }" (type Object) at path "_id" for model "Role"
[3/14/2023, 7:55:53 AM] [SERVER] [info]: BadRequestError
[3/14/2023, 7:56:16 AM] [SERVER] [info]: GUEST
[3/14/2023, 7:56:16 AM] [SERVER] [info]: 1
[3/14/2023, 7:56:16 AM] [SERVER] [info]: {"userId":"ce01f03a-b816-4ed4-ae86-b5896eaeaf32","username":"khabodo","roles":["LEARNER","GUEST"],"iat":1678754592,"exp":1678758192}
[3/14/2023, 7:56:16 AM] [SERVER] [info]: GUEST +++++++ LEARNER,GUEST
[3/14/2023, 7:56:16 AM] [SERVER] [info]: {"user":{"userId":"ce01f03a-b816-4ed4-ae86-b5896eaeaf32","username":"khabodo","roles":["LEARNER","GUEST"]},"authorized":true,"currentRoleCodes":["GUEST"]}
[3/14/2023, 7:56:49 AM] [SERVER] [info]: GUEST
[3/14/2023, 7:56:49 AM] [SERVER] [info]: 1
[3/14/2023, 7:56:49 AM] [SERVER] [info]: {"userId":"ce01f03a-b816-4ed4-ae86-b5896eaeaf32","username":"khabodo","roles":["LEARNER","GUEST"],"iat":1678754592,"exp":1678758192}
[3/14/2023, 7:56:49 AM] [SERVER] [info]: GUEST +++++++ LEARNER,GUEST
[3/14/2023, 7:56:49 AM] [SERVER] [info]: {"user":{"userId":"ce01f03a-b816-4ed4-ae86-b5896eaeaf32","username":"khabodo","roles":["LEARNER","GUEST"]},"authorized":true,"currentRoleCodes":["GUEST"]}
[3/14/2023, 10:25:55 AM] [DATABASE] [info]: Mongoose 'default' connection disconnected
[3/14/2023, 10:26:05 AM] [DATABASE] [info]: MongoDb:: [konking] is connected!
[3/14/2023, 10:28:57 AM] [SERVER] [info]: Starting server with port:: 9000
[3/14/2023, 10:28:57 AM] [DATABASE] [info]: MongoDb:: [conbocudb] is connected!
[3/14/2023, 10:28:58 AM] [DATABASE] [info]: MongoDb:: [konking] is connected!
[3/14/2023, 10:29:26 AM] [SERVER] [info]: CUSTOMMER_CARE
[3/14/2023, 10:29:26 AM] [SERVER] [info]: 1
[3/14/2023, 10:29:26 AM] [SERVER] [error]: [VERIFY_TOKEN]:: jwt expired
[3/14/2023, 10:29:26 AM] [SERVER] [info]: null
[3/14/2023, 10:29:26 AM] [SERVER] [error]: [App] ERROR:: "Token failed or expired"
[3/14/2023, 10:29:26 AM] [SERVER] [info]: err -> Error: Token failed or expired
[3/14/2023, 10:29:41 AM] [SERVER] [info]: validating Sigin input
[3/14/2023, 10:29:41 AM] [SERVER] [info]: LEARNER,ADMIN,GUEST
[3/14/2023, 10:30:31 AM] [SERVER] [info]: CUSTOMMER_CARE
[3/14/2023, 10:30:31 AM] [SERVER] [info]: 1
[3/14/2023, 10:30:31 AM] [SERVER] [info]: {"userId":"ce01f03a-b816-4ed4-ae86-b5896eaeaf32","username":"khabodo","roles":["LEARNER","ADMIN","GUEST"],"iat":1678764581,"exp":1678768181}
[3/14/2023, 10:30:31 AM] [SERVER] [info]: CUSTOMMER_CARE +++++++ LEARNER,ADMIN,GUEST
[3/14/2023, 10:30:31 AM] [SERVER] [info]: {"user":{"userId":"ce01f03a-b816-4ed4-ae86-b5896eaeaf32","username":"khabodo","roles":["LEARNER","ADMIN","GUEST"]},"authorized":false,"currentRoleCodes":["CUSTOMMER_CARE"]}
[3/14/2023, 10:30:31 AM] [SERVER] [error]: [App] ERROR:: "Class constructor BadTokenError cannot be invoked without 'new'"
[3/14/2023, 10:32:48 AM] [SERVER] [info]: Starting server with port:: 9000
[3/14/2023, 10:32:48 AM] [DATABASE] [info]: MongoDb:: [conbocudb] is connected!
[3/14/2023, 10:32:49 AM] [DATABASE] [info]: MongoDb:: [konking] is connected!
[3/14/2023, 10:32:53 AM] [SERVER] [info]: CUSTOMMER_CARE
[3/14/2023, 10:32:53 AM] [SERVER] [info]: 1
[3/14/2023, 10:32:53 AM] [SERVER] [info]: {"userId":"ce01f03a-b816-4ed4-ae86-b5896eaeaf32","username":"khabodo","roles":["LEARNER","ADMIN","GUEST"],"iat":1678764581,"exp":1678768181}
[3/14/2023, 10:32:53 AM] [SERVER] [info]: CUSTOMMER_CARE +++++++ LEARNER,ADMIN,GUEST
[3/14/2023, 10:32:53 AM] [SERVER] [info]: {"user":{"userId":"ce01f03a-b816-4ed4-ae86-b5896eaeaf32","username":"khabodo","roles":["LEARNER","ADMIN","GUEST"]},"authorized":false,"currentRoleCodes":["CUSTOMMER_CARE"]}
[3/14/2023, 10:32:53 AM] [SERVER] [error]: [App] ERROR:: "Permission denied"
[3/14/2023, 10:32:53 AM] [SERVER] [info]: err -> Error: Permission denied
[3/14/2023, 10:33:41 AM] [SERVER] [info]: Starting server with port:: 9000
[3/14/2023, 10:33:41 AM] [DATABASE] [info]: MongoDb:: [conbocudb] is connected!
[3/14/2023, 10:33:41 AM] [DATABASE] [info]: MongoDb:: [konking] is connected!
[3/14/2023, 10:33:49 AM] [SERVER] [info]: CUSTOMMER_CARE,ADMIN
[3/14/2023, 10:33:49 AM] [SERVER] [info]: 1
[3/14/2023, 10:33:49 AM] [SERVER] [info]: {"userId":"ce01f03a-b816-4ed4-ae86-b5896eaeaf32","username":"khabodo","roles":["LEARNER","ADMIN","GUEST"],"iat":1678764581,"exp":1678768181}
[3/14/2023, 10:33:49 AM] [SERVER] [info]: CUSTOMMER_CARE,ADMIN +++++++ LEARNER,ADMIN,GUEST
[3/14/2023, 10:33:49 AM] [SERVER] [info]: {"user":{"userId":"ce01f03a-b816-4ed4-ae86-b5896eaeaf32","username":"khabodo","roles":["LEARNER","ADMIN","GUEST"]},"authorized":true,"currentRoleCodes":["CUSTOMMER_CARE","ADMIN"]}
[3/14/2023, 10:35:08 AM] [SERVER] [info]: CUSTOMMER_CARE,ADMIN
[3/14/2023, 10:35:08 AM] [SERVER] [info]: 1
[3/14/2023, 10:35:08 AM] [SERVER] [info]: {"userId":"ce01f03a-b816-4ed4-ae86-b5896eaeaf32","username":"khabodo","roles":["LEARNER","ADMIN","GUEST"],"iat":1678764581,"exp":1678768181}
[3/14/2023, 10:35:08 AM] [SERVER] [info]: CUSTOMMER_CARE,ADMIN +++++++ LEARNER,ADMIN,GUEST
[3/14/2023, 10:35:08 AM] [SERVER] [info]: {"user":{"userId":"ce01f03a-b816-4ed4-ae86-b5896eaeaf32","username":"khabodo","roles":["LEARNER","ADMIN","GUEST"]},"authorized":true,"currentRoleCodes":["CUSTOMMER_CARE","ADMIN"]}
[3/14/2023, 10:35:32 AM] [SERVER] [info]: CUSTOMMER_CARE,ADMIN
[3/14/2023, 10:35:32 AM] [SERVER] [info]: 1
[3/14/2023, 10:35:32 AM] [SERVER] [info]: {"userId":"ce01f03a-b816-4ed4-ae86-b5896eaeaf32","username":"khabodo","roles":["LEARNER","ADMIN","GUEST"],"iat":1678764581,"exp":1678768181}
[3/14/2023, 10:35:32 AM] [SERVER] [info]: CUSTOMMER_CARE,ADMIN +++++++ LEARNER,ADMIN,GUEST
[3/14/2023, 10:35:32 AM] [SERVER] [info]: {"user":{"userId":"ce01f03a-b816-4ed4-ae86-b5896eaeaf32","username":"khabodo","roles":["LEARNER","ADMIN","GUEST"]},"authorized":true,"currentRoleCodes":["CUSTOMMER_CARE","ADMIN"]}
[3/14/2023, 10:35:48 AM] [SERVER] [info]: CUSTOMMER_CARE,ADMIN
[3/14/2023, 10:35:48 AM] [SERVER] [info]: 1
[3/14/2023, 10:35:48 AM] [SERVER] [info]: {"userId":"ce01f03a-b816-4ed4-ae86-b5896eaeaf32","username":"khabodo","roles":["LEARNER","ADMIN","GUEST"],"iat":1678764581,"exp":1678768181}
[3/14/2023, 10:35:48 AM] [SERVER] [info]: CUSTOMMER_CARE,ADMIN +++++++ LEARNER,ADMIN,GUEST
[3/14/2023, 10:35:48 AM] [SERVER] [info]: {"user":{"userId":"ce01f03a-b816-4ed4-ae86-b5896eaeaf32","username":"khabodo","roles":["LEARNER","ADMIN","GUEST"]},"authorized":true,"currentRoleCodes":["CUSTOMMER_CARE","ADMIN"]}
[3/14/2023, 10:42:18 AM] [SERVER] [info]: CUSTOMMER_CARE,ADMIN
[3/14/2023, 10:42:18 AM] [SERVER] [info]: 1
[3/14/2023, 10:42:18 AM] [SERVER] [info]: {"userId":"ce01f03a-b816-4ed4-ae86-b5896eaeaf32","username":"khabodo","roles":["LEARNER","ADMIN","GUEST"],"iat":1678764581,"exp":1678768181}
[3/14/2023, 10:42:18 AM] [SERVER] [info]: CUSTOMMER_CARE,ADMIN +++++++ LEARNER,ADMIN,GUEST
[3/14/2023, 10:42:18 AM] [SERVER] [info]: {"user":{"userId":"ce01f03a-b816-4ed4-ae86-b5896eaeaf32","username":"khabodo","roles":["LEARNER","ADMIN","GUEST"]},"authorized":true,"currentRoleCodes":["CUSTOMMER_CARE","ADMIN"]}
[3/14/2023, 10:45:18 AM] [SERVER] [info]: Starting server with port:: 9000
[3/14/2023, 10:45:18 AM] [DATABASE] [info]: MongoDb:: [conbocudb] is connected!
[3/14/2023, 10:45:19 AM] [DATABASE] [info]: MongoDb:: [konking] is connected!
[3/14/2023, 10:46:25 AM] [SERVER] [info]: Starting server with port:: 9000
[3/14/2023, 10:46:25 AM] [DATABASE] [info]: MongoDb:: [conbocudb] is connected!
[3/14/2023, 10:46:25 AM] [DATABASE] [info]: MongoDb:: [konking] is connected!
[3/14/2023, 10:46:32 AM] [SERVER] [info]: CUSTOMMER_CARE,ADMIN
[3/14/2023, 10:46:32 AM] [SERVER] [info]: 1
[3/14/2023, 10:46:32 AM] [SERVER] [info]: CUSTOMMER_CARE,ADMIN +++++++ LEARNER,ADMIN,GUEST
[3/14/2023, 10:46:33 AM] [SERVER] [info]: CUSTOMMER_CARE,ADMIN
[3/14/2023, 10:46:33 AM] [SERVER] [info]: 1
[3/14/2023, 10:46:33 AM] [SERVER] [info]: CUSTOMMER_CARE,ADMIN +++++++ LEARNER,ADMIN,GUEST
[3/14/2023, 10:47:09 AM] [SERVER] [info]: Starting server with port:: 9000
[3/14/2023, 10:47:09 AM] [DATABASE] [info]: MongoDb:: [conbocudb] is connected!
[3/14/2023, 10:47:10 AM] [DATABASE] [info]: MongoDb:: [konking] is connected!
[3/14/2023, 10:48:13 AM] [SERVER] [info]: Starting server with port:: 9000
[3/14/2023, 10:48:13 AM] [DATABASE] [info]: MongoDb:: [conbocudb] is connected!
[3/14/2023, 10:48:13 AM] [DATABASE] [info]: MongoDb:: [konking] is connected!
[3/14/2023, 10:48:40 AM] [SERVER] [info]: Starting server with port:: 9000
[3/14/2023, 10:48:40 AM] [DATABASE] [info]: MongoDb:: [conbocudb] is connected!
[3/14/2023, 10:48:41 AM] [DATABASE] [info]: MongoDb:: [konking] is connected!
[3/14/2023, 10:49:00 AM] [SERVER] [info]: Starting server with port:: 9000
[3/14/2023, 10:49:00 AM] [DATABASE] [info]: MongoDb:: [conbocudb] is connected!
[3/14/2023, 10:49:01 AM] [DATABASE] [info]: MongoDb:: [konking] is connected!
[3/14/2023, 10:49:11 AM] [SERVER] [info]: CUSTOMMER_CARE,ADMIN
[3/14/2023, 10:49:11 AM] [SERVER] [info]: CUSTOMMER_CARE,ADMIN --vs-- LEARNER,ADMIN,GUEST
[3/14/2023, 10:49:40 AM] [SERVER] [info]: CUSTOMMER_CARE,ADMIN
[3/14/2023, 10:49:40 AM] [SERVER] [info]: CUSTOMMER_CARE,ADMIN --vs-- LEARNER,ADMIN,GUEST
[3/14/2023, 10:50:25 AM] [SERVER] [info]: Starting server with port:: 9000
[3/14/2023, 10:50:25 AM] [DATABASE] [info]: MongoDb:: [conbocudb] is connected!
[3/14/2023, 10:50:25 AM] [DATABASE] [info]: MongoDb:: [konking] is connected!
[3/14/2023, 10:51:36 AM] [SERVER] [info]: Starting server with port:: 9000
[3/14/2023, 10:51:36 AM] [DATABASE] [info]: MongoDb:: [conbocudb] is connected!
[3/14/2023, 10:51:36 AM] [DATABASE] [info]: MongoDb:: [konking] is connected!
[3/14/2023, 10:51:42 AM] [SERVER] [info]: Starting server with port:: 9000
[3/14/2023, 10:51:42 AM] [DATABASE] [info]: MongoDb:: [conbocudb] is connected!
[3/14/2023, 10:51:42 AM] [DATABASE] [info]: MongoDb:: [konking] is connected!
[3/14/2023, 10:51:47 AM] [SERVER] [info]: [Auth]:: CUSTOMMER_CARE,ADMIN --vs-- LEARNER,ADMIN,GUEST
[3/14/2023, 10:52:00 AM] [SERVER] [info]: [Auth]:: CUSTOMMER_CARE,ADMIN --vs-- LEARNER,ADMIN,GUEST
[3/14/2023, 10:56:36 AM] [SERVER] [info]: Starting server with port:: 9000
[3/14/2023, 10:56:36 AM] [DATABASE] [info]: MongoDb:: [conbocudb] is connected!
[3/14/2023, 10:56:37 AM] [DATABASE] [info]: MongoDb:: [konking] is connected!
[3/14/2023, 10:57:35 AM] [SERVER] [info]: Starting server with port:: 9000
[3/14/2023, 10:57:35 AM] [DATABASE] [info]: MongoDb:: [conbocudb] is connected!
[3/14/2023, 10:57:35 AM] [DATABASE] [info]: MongoDb:: [konking] is connected!
[3/14/2023, 11:23:50 AM] [SERVER] [info]: Starting server with port:: 9000
[3/14/2023, 11:23:50 AM] [DATABASE] [info]: MongoDb:: [conbocudb] is connected!
[3/14/2023, 11:23:51 AM] [DATABASE] [info]: MongoDb:: [konking] is connected!
[3/14/2023, 11:25:11 AM] [SERVER] [info]: Starting server with port:: 9000
[3/14/2023, 11:25:11 AM] [DATABASE] [info]: MongoDb:: [conbocudb] is connected!
[3/14/2023, 11:25:11 AM] [DATABASE] [info]: MongoDb:: [konking] is connected!
[3/14/2023, 11:28:31 AM] [SERVER] [info]: Starting server with port:: 9000
[3/14/2023, 11:28:31 AM] [DATABASE] [info]: MongoDb:: [conbocudb] is connected!
[3/14/2023, 11:28:31 AM] [DATABASE] [info]: MongoDb:: [konking] is connected!
[3/14/2023, 11:29:46 AM] [SERVER] [info]: Starting server with port:: 9000
[3/14/2023, 11:29:46 AM] [DATABASE] [info]: MongoDb:: [conbocudb] is connected!
[3/14/2023, 11:29:47 AM] [DATABASE] [info]: MongoDb:: [konking] is connected!
[3/14/2023, 11:33:45 AM] [SERVER] [info]: Starting server with port:: 9000
[3/14/2023, 11:33:45 AM] [DATABASE] [info]: MongoDb:: [conbocudb] is connected!
[3/14/2023, 11:33:46 AM] [DATABASE] [info]: MongoDb:: [konking] is connected!
[3/14/2023, 11:37:43 AM] [SERVER] [info]: Starting server with port:: 9000
[3/14/2023, 11:37:43 AM] [DATABASE] [info]: MongoDb:: [conbocudb] is connected!
[3/14/2023, 11:37:44 AM] [DATABASE] [info]: MongoDb:: [konking] is connected!
[3/14/2023, 11:40:30 AM] [SERVER] [info]: Starting server with port:: 9000
[3/14/2023, 11:40:30 AM] [DATABASE] [info]: MongoDb:: [conbocudb] is connected!
[3/14/2023, 11:40:31 AM] [DATABASE] [info]: MongoDb:: [konking] is connected!
[3/14/2023, 11:40:38 AM] [SERVER] [info]: Starting server with port:: 9000
[3/14/2023, 11:40:38 AM] [DATABASE] [info]: MongoDb:: [conbocudb] is connected!
[3/14/2023, 11:40:38 AM] [DATABASE] [info]: MongoDb:: [konking] is connected!
[3/14/2023, 11:42:31 AM] [SERVER] [info]: Starting server with port:: 9000
[3/14/2023, 11:42:31 AM] [DATABASE] [info]: MongoDb:: [conbocudb] is connected!
[3/14/2023, 11:42:32 AM] [DATABASE] [info]: MongoDb:: [konking] is connected!
[3/14/2023, 11:57:55 AM] [SERVER] [info]: Starting server with port:: 9000
[3/14/2023, 11:57:55 AM] [DATABASE] [info]: MongoDb:: [conbocudb] is connected!
[3/14/2023, 11:57:56 AM] [DATABASE] [info]: MongoDb:: [konking] is connected!
[3/14/2023, 11:58:09 AM] [SERVER] [info]: validating Sigin input
[3/14/2023, 11:58:09 AM] [SERVER] [info]: LEARNER,ADMIN,GUEST
[3/14/2023, 11:58:09 AM] [SERVER] [debug]: Start created
[3/14/2023, 11:58:09 AM] [SERVER] [info]: [encode]:: payload -- {
  "iss": "",
  "aud": "",
  "sub": "{\"userId\":\"ce01f03a-b816-4ed4-ae86-b5896eaeaf32\",\"username\":\"khabodo\",\"roles\":[\"LEARNER\",\"ADMIN\",\"GUEST\"]}",
  "prm": "bd595f73bd2c47a576f3eab09628adc3d17159f86307bb1109688e7075633141909b53c3ca33ab5d8a931bc4d4565af6a248344435a788d1eaac3cce1b955b1d",
  "iat": 1678769889,
  "exp": 1678769889
}
[3/14/2023, 11:58:09 AM] [SERVER] [info]: [Input to createTokens][object Object]
[3/14/2023, 11:58:09 AM] [SERVER] [info]: [encode]:: payload -- {
  "iss": "",
  "aud": "",
  "sub": "{\"userId\":\"ce01f03a-b816-4ed4-ae86-b5896eaeaf32\",\"username\":\"khabodo\",\"roles\":[\"LEARNER\",\"ADMIN\",\"GUEST\"]}",
  "prm": "2afd8618752132ca5e14e080d470b24eb86b5aec8038490d597aa435a41376e3453601035dc95b8892afedda81ebc078b8c5b0866defc43407997aaa34d4e6b6",
  "iat": 1678769889,
  "exp": 1678769889
}
[3/14/2023, 11:58:09 AM] [SERVER] [info]: [Logging]:: createdTokens:: [object Object]
[3/14/2023, 11:59:51 AM] [SERVER] [info]: Starting server with port:: 9000
[3/14/2023, 11:59:51 AM] [DATABASE] [info]: MongoDb:: [conbocudb] is connected!
[3/14/2023, 11:59:52 AM] [DATABASE] [info]: MongoDb:: [konking] is connected!
[3/14/2023, 12:01:14 PM] [SERVER] [info]: Starting server with port:: 9000
[3/14/2023, 12:01:14 PM] [DATABASE] [info]: MongoDb:: [conbocudb] is connected!
[3/14/2023, 12:01:15 PM] [DATABASE] [info]: MongoDb:: [konking] is connected!
[3/14/2023, 12:02:16 PM] [SERVER] [info]: Starting server with port:: 9000
[3/14/2023, 12:02:16 PM] [DATABASE] [info]: MongoDb:: [conbocudb] is connected!
[3/14/2023, 12:02:16 PM] [DATABASE] [info]: MongoDb:: [konking] is connected!
[3/14/2023, 12:04:38 PM] [SERVER] [info]: Starting server with port:: 9000
[3/14/2023, 12:04:38 PM] [DATABASE] [info]: MongoDb:: [conbocudb] is connected!
[3/14/2023, 12:04:39 PM] [DATABASE] [info]: MongoDb:: [konking] is connected!
[3/14/2023, 12:05:01 PM] [SERVER] [info]: Starting server with port:: 9000
[3/14/2023, 12:05:01 PM] [DATABASE] [info]: MongoDb:: [conbocudb] is connected!
[3/14/2023, 12:05:02 PM] [DATABASE] [info]: MongoDb:: [konking] is connected!
[3/14/2023, 12:06:31 PM] [SERVER] [info]: Starting server with port:: 9000
[3/14/2023, 12:06:31 PM] [DATABASE] [info]: MongoDb:: [conbocudb] is connected!
[3/14/2023, 12:06:32 PM] [DATABASE] [info]: MongoDb:: [konking] is connected!
[3/14/2023, 12:06:47 PM] [SERVER] [info]: Starting server with port:: 9000
[3/14/2023, 12:06:47 PM] [DATABASE] [info]: MongoDb:: [conbocudb] is connected!
[3/14/2023, 12:06:48 PM] [DATABASE] [info]: MongoDb:: [konking] is connected!
[3/14/2023, 12:08:04 PM] [SERVER] [info]: Starting server with port:: 9000
[3/14/2023, 12:08:04 PM] [DATABASE] [info]: MongoDb:: [conbocudb] is connected!
[3/14/2023, 12:08:05 PM] [DATABASE] [info]: MongoDb:: [konking] is connected!
[3/14/2023, 12:09:30 PM] [SERVER] [info]: Starting server with port:: 9000
[3/14/2023, 12:09:30 PM] [DATABASE] [info]: MongoDb:: [conbocudb] is connected!
[3/14/2023, 12:09:30 PM] [DATABASE] [info]: MongoDb:: [konking] is connected!
[3/14/2023, 12:10:17 PM] [SERVER] [info]: Starting server with port:: 9000
[3/14/2023, 12:10:17 PM] [DATABASE] [info]: MongoDb:: [conbocudb] is connected!
[3/14/2023, 12:10:17 PM] [DATABASE] [info]: MongoDb:: [konking] is connected!
[3/14/2023, 12:10:54 PM] [SERVER] [info]: Starting server with port:: 9000
[3/14/2023, 12:10:54 PM] [DATABASE] [info]: MongoDb:: [conbocudb] is connected!
[3/14/2023, 12:10:55 PM] [DATABASE] [info]: MongoDb:: [konking] is connected!
[3/14/2023, 12:11:21 PM] [SERVER] [info]: validating Sigin input
[3/14/2023, 12:11:22 PM] [SERVER] [info]: LEARNER,ADMIN,GUEST
[3/14/2023, 12:11:22 PM] [SERVER] [info]: [Service] create::
[3/14/2023, 12:11:22 PM] [SERVER] [debug]: Start created
[3/14/2023, 12:11:22 PM] [SERVER] [info]: [encode]:: payload -- {
  "iss": "",
  "aud": "",
  "sub": "{\"userId\":\"ce01f03a-b816-4ed4-ae86-b5896eaeaf32\",\"username\":\"khabodo\",\"roles\":[\"LEARNER\",\"ADMIN\",\"GUEST\"]}",
  "prm": "6c6e1c1c6764f892ae61a308aa93490f4dde28c153d2223a63089e2e97c89a585fc8e9a5ad99c0c69e761ec67d54abe57ed19cd38887cda3e4339d15dc59a1f0",
  "iat": 1678770682,
  "exp": 1678770682
}
[3/14/2023, 12:11:22 PM] [SERVER] [info]: [Input to createTokens][object Object]
[3/14/2023, 12:11:22 PM] [SERVER] [info]: [encode]:: payload -- {
  "iss": "",
  "aud": "",
  "sub": "{\"userId\":\"ce01f03a-b816-4ed4-ae86-b5896eaeaf32\",\"username\":\"khabodo\",\"roles\":[\"LEARNER\",\"ADMIN\",\"GUEST\"]}",
  "prm": "3299efe3f06ef83d31ce2b6d05e75c6716fb6001612ebad8237bde173bb039343f1d0889e7fee4fd3ae45153ab5b6f1e27121c701abe2801cabc819bdd2ce404",
  "iat": 1678770682,
  "exp": 1678770682
}
[3/14/2023, 12:11:22 PM] [SERVER] [info]: [Logging]:: createdTokens:: [object Object]
[3/14/2023, 3:18:13 PM] [DATABASE] [info]: Mongoose 'default' connection disconnected
[3/14/2023, 3:18:23 PM] [DATABASE] [info]: MongoDb:: [konking] is connected!
[3/14/2023, 5:54:34 PM] [SERVER] [info]: Starting server with port:: 9000
[3/14/2023, 5:54:34 PM] [DATABASE] [info]: MongoDb:: [conbocudb] is connected!
[3/14/2023, 5:54:35 PM] [DATABASE] [info]: MongoDb:: [konking] is connected!
[3/14/2023, 5:56:04 PM] [SERVER] [info]: Starting server with port:: 9000
[3/14/2023, 5:56:04 PM] [DATABASE] [info]: MongoDb:: [conbocudb] is connected!
[3/14/2023, 5:56:05 PM] [DATABASE] [info]: MongoDb:: [konking] is connected!
[3/14/2023, 5:56:22 PM] [SERVER] [info]: Starting server with port:: 9000
[3/14/2023, 5:56:22 PM] [DATABASE] [info]: MongoDb:: [conbocudb] is connected!
[3/14/2023, 5:56:23 PM] [DATABASE] [info]: MongoDb:: [konking] is connected!
[3/14/2023, 5:57:53 PM] [SERVER] [info]: Starting server with port:: 9000
[3/14/2023, 5:57:53 PM] [DATABASE] [info]: MongoDb:: [conbocudb] is connected!
[3/14/2023, 5:57:54 PM] [DATABASE] [info]: MongoDb:: [konking] is connected!
[3/14/2023, 6:06:37 PM] [SERVER] [error]: uncaughtException: EIO: i/o error, write
Error: EIO: i/o error, write
    at writeSync (node:fs:933:3)
    at SyncWriteStream._write (node:internal/fs/sync_write_stream:26:3)
    at writeOrBuffer (node:internal/streams/writable:392:12)
    at _write (node:internal/streams/writable:333:10)
    at Writable.write (node:internal/streams/writable:337:10)
    at Console.log (/home/kaka/github/trongnghiango/nodejs-jenkins-docker-do/node_modules/winston/lib/winston/transports/console.js:79:23)
    at Console._write (/home/kaka/github/trongnghiango/nodejs-jenkins-docker-do/node_modules/winston-transport/index.js:103:17)
    at doWrite (/home/kaka/github/trongnghiango/nodejs-jenkins-docker-do/node_modules/readable-stream/lib/_stream_writable.js:390:139)
    at writeOrBuffer (/home/kaka/github/trongnghiango/nodejs-jenkins-docker-do/node_modules/readable-stream/lib/_stream_writable.js:381:5)
    at Writable.write (/home/kaka/github/trongnghiango/nodejs-jenkins-docker-do/node_modules/readable-stream/lib/_stream_writable.js:302:11)
{"date":"Tue Mar 14 2023 18:06:37 GMT+0700 (Indochina Time)","error":{"code":"EIO","errno":-5,"syscall":"write"},"exception":true,"level":"error","message":"uncaughtException: EIO: i/o error, write\nError: EIO: i/o error, write\n    at writeSync (node:fs:933:3)\n    at SyncWriteStream._write (node:internal/fs/sync_write_stream:26:3)\n    at writeOrBuffer (node:internal/streams/writable:392:12)\n    at _write (node:internal/streams/writable:333:10)\n    at Writable.write (node:internal/streams/writable:337:10)\n    at Console.log (/home/kaka/github/trongnghiango/nodejs-jenkins-docker-do/node_modules/winston/lib/winston/transports/console.js:79:23)\n    at Console._write (/home/kaka/github/trongnghiango/nodejs-jenkins-docker-do/node_modules/winston-transport/index.js:103:17)\n    at doWrite (/home/kaka/github/trongnghiango/nodejs-jenkins-docker-do/node_modules/readable-stream/lib/_stream_writable.js:390:139)\n    at writeOrBuffer (/home/kaka/github/trongnghiango/nodejs-jenkins-docker-do/node_modules/readable-stream/lib/_stream_writable.js:381:5)\n    at Writable.write (/home/kaka/github/trongnghiango/nodejs-jenkins-docker-do/node_modules/readable-stream/lib/_stream_writable.js:302:11)","os":{"loadavg":[1.13,1.14,1.38],"uptime":8921.58},"process":{"argv":["/home/kaka/.nvm/versions/node/v18.12.1/bin/node","/home/kaka/github/trongnghiango/nodejs-jenkins-docker-do/src/server.js"],"cwd":"/home/kaka/github/trongnghiango/nodejs-jenkins-docker-do","execPath":"/home/kaka/.nvm/versions/node/v18.12.1/bin/node","gid":1001,"memoryUsage":{"arrayBuffers":18474729,"external":19385666,"heapTotal":59269120,"heapUsed":29306200,"rss":95899648},"pid":25609,"uid":1000,"version":"v18.12.1"},"stack":"Error: EIO: i/o error, write\n    at writeSync (node:fs:933:3)\n    at SyncWriteStream._write (node:internal/fs/sync_write_stream:26:3)\n    at writeOrBuffer (node:internal/streams/writable:392:12)\n    at _write (node:internal/streams/writable:333:10)\n    at Writable.write (node:internal/streams/writable:337:10)\n    at Console.log (/home/kaka/github/trongnghiango/nodejs-jenkins-docker-do/node_modules/winston/lib/winston/transports/console.js:79:23)\n    at Console._write (/home/kaka/github/trongnghiango/nodejs-jenkins-docker-do/node_modules/winston-transport/index.js:103:17)\n    at doWrite (/home/kaka/github/trongnghiango/nodejs-jenkins-docker-do/node_modules/readable-stream/lib/_stream_writable.js:390:139)\n    at writeOrBuffer (/home/kaka/github/trongnghiango/nodejs-jenkins-docker-do/node_modules/readable-stream/lib/_stream_writable.js:381:5)\n    at Writable.write (/home/kaka/github/trongnghiango/nodejs-jenkins-docker-do/node_modules/readable-stream/lib/_stream_writable.js:302:11)","trace":[{"column":3,"file":"node:fs","function":"writeSync","line":933,"method":null,"native":false},{"column":3,"file":"node:internal/fs/sync_write_stream","function":"SyncWriteStream._write","line":26,"method":"_write","native":false},{"column":12,"file":"node:internal/streams/writable","function":"writeOrBuffer","line":392,"method":null,"native":false},{"column":10,"file":"node:internal/streams/writable","function":"_write","line":333,"method":null,"native":false},{"column":10,"file":"node:internal/streams/writable","function":"Writable.write","line":337,"method":"write","native":false},{"column":23,"file":"/home/kaka/github/trongnghiango/nodejs-jenkins-docker-do/node_modules/winston/lib/winston/transports/console.js","function":"Console.log","line":79,"method":"log","native":false},{"column":17,"file":"/home/kaka/github/trongnghiango/nodejs-jenkins-docker-do/node_modules/winston-transport/index.js","function":"Console._write","line":103,"method":"_write","native":false},{"column":139,"file":"/home/kaka/github/trongnghiango/nodejs-jenkins-docker-do/node_modules/readable-stream/lib/_stream_writable.js","function":"doWrite","line":390,"method":null,"native":false},{"column":5,"file":"/home/kaka/github/trongnghiango/nodejs-jenkins-docker-do/node_modules/readable-stream/lib/_stream_writable.js","function":"writeOrBuffer","line":381,"method":null,"native":false},{"column":11,"file":"/home/kaka/github/trongnghiango/nodejs-jenkins-docker-do/node_modules/readable-stream/lib/_stream_writable.js","function":"Writable.write","line":302,"method":"write","native":false}]}
[3/14/2023, 6:06:37 PM] [DATABASE] [info]: MongoDb:: [conbocudb] is connected!
[3/14/2023, 6:06:37 PM] [DATABASE] [info]: MongoDb:: [konking] is connected!
