
[3/15/2023, 1:17:17 PM] [SERVER] [error]: [App] ERROR:: "verify is not defined"
[3/15/2023, 1:17:17 PM] [SERVER] [info]: err -> Error: verify is not defined
[3/15/2023, 1:17:41 PM] [SERVER] [info]: validating Sigin input
[3/15/2023, 1:17:41 PM] [SERVER] [info]: ADMIN,GUEST
[3/15/2023, 1:17:41 PM] [SERVER] [info]: [Service] create::
[3/15/2023, 1:17:41 PM] [SERVER] [debug]: Start created
[3/15/2023, 1:17:41 PM] [SERVER] [info]: [encode]:: payload -- {
  "iss": "",
  "aud": "",
  "sub": "{\"userId\":\"5c00eb72-0761-429d-8182-29b2d456722f\",\"username\":\"khakhung\",\"roles\":[\"ADMIN\",\"GUEST\"]}",
  "prm": "b4cf89e8ec691fa4c30fbfa96017c560810915f67bef67b70873afc938f7b45b550edfd874fa44111ff40bf02326ee59473a9aaba1a705a71595a3c0ff48b927",
  "iat": 1678861061,
  "exp": 1678861061
}
[3/15/2023, 1:17:41 PM] [SERVER] [info]: [Input to createTokens][object Object]
[3/15/2023, 1:17:41 PM] [SERVER] [info]: [encode]:: payload -- {
  "iss": "",
  "aud": "",
  "sub": "{\"userId\":\"5c00eb72-0761-429d-8182-29b2d456722f\",\"username\":\"khakhung\",\"roles\":[\"ADMIN\",\"GUEST\"]}",
  "prm": "bca635987d22ef05a817bbb9139e7b966bce45e4d4d5050e372fd56ce169923f0d766f16be253fc36245e755bc71fb2b4303a9dc49335ac742e5656f50d8e2e9",
  "iat": 1678861061,
  "exp": 1678861061
}
[3/15/2023, 1:17:41 PM] [SERVER] [info]: [Logging]:: createdTokens:: [object Object]
[3/15/2023, 1:18:06 PM] [SERVER] [error]: [App] ERROR:: "verify is not defined"
[3/15/2023, 1:18:06 PM] [SERVER] [info]: err -> Error: verify is not defined
[3/15/2023, 1:19:02 PM] [SERVER] [info]: Starting server with port:: 9000
[3/15/2023, 1:19:02 PM] [DATABASE] [info]: MongoDb:: [conbocudb] is connected!
[3/15/2023, 1:19:03 PM] [SERVER] [info]: Starting server with port:: 9000
[3/15/2023, 1:19:03 PM] [DATABASE] [info]: MongoDb:: [conbocudb] is connected!
[3/15/2023, 1:19:03 PM] [DATABASE] [info]: MongoDb:: [konking] is connected!
[3/15/2023, 1:19:21 PM] [SERVER] [debug]: ::: eyJhbGciOiJSUzI1NiIsInR5cCI6IkpXVCJ9.eyJpc3MiOiIiLCJhdWQiOiIiLCJzdWIiOiJ7XCJ1c2VySWRcIjpcIjVjMDBlYjcyLTA3NjEtNDI5ZC04MTgyLTI5YjJkNDU2NzIyZlwiLFwidXNlcm5hbWVcIjpcImtoYWtodW5nXCIsXCJyb2xlc1wiOltcIkFETUlOXCIsXCJHVUVTVFwiXX0iLCJwcm0iOiJiNGNmODllOGVjNjkxZmE0YzMwZmJmYTk2MDE3YzU2MDgxMDkxNWY2N2JlZjY3YjcwODczYWZjOTM4ZjdiNDViNTUwZWRmZDg3NGZhNDQxMTFmZjQwYmYwMjMyNmVlNTk0NzNhOWFhYmExYTcwNWE3MTU5NWEzYzBmZjQ4YjkyNyIsImlhdCI6MTY3ODg2MTA2MSwiZXhwIjoxNjc4ODYxMDYxfQ.WlsIqKDcbRVF8vqJraAYvuzEdJWxgJvoF-wDhVmPJmzr0W9DW1VJ0JBLSyqdPXgJb3JssUpxQAsVdTOOWe2TzjuNZmPfuF7m6FILy9keb0cA5qGScOon95WEGu7fbhN49TmbJ05cEUrSks_58XeYv1F7Ew6aNMx_6AdIEE31QM8
[3/15/2023, 1:19:21 PM] [SERVER] [error]: [App] ERROR:: "verify is not defined"
[3/15/2023, 1:19:21 PM] [SERVER] [info]: err -> Error: verify is not defined
[3/15/2023, 1:22:39 PM] [SERVER] [info]: Starting server with port:: 9000
[3/15/2023, 1:22:39 PM] [DATABASE] [info]: MongoDb:: [conbocudb] is connected!
[3/15/2023, 1:22:40 PM] [DATABASE] [info]: MongoDb:: [konking] is connected!
[3/15/2023, 1:22:49 PM] [SERVER] [info]: Starting server with port:: 9000
[3/15/2023, 1:22:49 PM] [DATABASE] [info]: MongoDb:: [conbocudb] is connected!
[3/15/2023, 1:22:50 PM] [DATABASE] [info]: MongoDb:: [konking] is connected!
[3/15/2023, 1:22:52 PM] [SERVER] [info]: Starting server with port:: 9000
[3/15/2023, 1:22:52 PM] [DATABASE] [info]: MongoDb:: [conbocudb] is connected!
[3/15/2023, 1:22:53 PM] [DATABASE] [info]: MongoDb:: [konking] is connected!
[3/15/2023, 1:23:10 PM] [SERVER] [info]: Starting server with port:: 9000
[3/15/2023, 1:23:10 PM] [DATABASE] [info]: MongoDb:: [conbocudb] is connected!
[3/15/2023, 1:23:10 PM] [DATABASE] [info]: MongoDb:: [konking] is connected!
[3/15/2023, 1:23:19 PM] [SERVER] [debug]: ::: [object Object]
[3/15/2023, 1:23:19 PM] [SERVER] [error]: [App] ERROR:: "Tài khoản của bạn bị từ chối. Vui lòng liên hệ Admin"
[3/15/2023, 1:23:19 PM] [SERVER] [info]: err -> Error: Tài khoản của bạn bị từ chối. Vui lòng liên hệ Admin
[3/15/2023, 1:24:22 PM] [SERVER] [info]: Starting server with port:: 9000
[3/15/2023, 1:24:22 PM] [DATABASE] [info]: MongoDb:: [conbocudb] is connected!
[3/15/2023, 1:24:22 PM] [DATABASE] [info]: MongoDb:: [konking] is connected!
[3/15/2023, 1:24:30 PM] [SERVER] [debug]: ::: {"iss":"","aud":"","sub":"{\"userId\":\"5c00eb72-0761-429d-8182-29b2d456722f\",\"username\":\"khakhung\",\"roles\":[\"ADMIN\",\"GUEST\"]}","prm":"b4cf89e8ec691fa4c30fbfa96017c560810915f67bef67b70873afc938f7b45b550edfd874fa44111ff40bf02326ee59473a9aaba1a705a71595a3c0ff48b927","iat":1678861061,"exp":1678861061}
[3/15/2023, 1:24:30 PM] [SERVER] [error]: [App] ERROR:: "Tài khoản của bạn bị từ chối. Vui lòng liên hệ Admin"
[3/15/2023, 1:24:30 PM] [SERVER] [info]: err -> Error: Tài khoản của bạn bị từ chối. Vui lòng liên hệ Admin
[3/15/2023, 1:29:25 PM] [SERVER] [info]: Starting server with port:: 9000
[3/15/2023, 1:29:25 PM] [DATABASE] [info]: MongoDb:: [conbocudb] is connected!
[3/15/2023, 1:29:26 PM] [DATABASE] [info]: MongoDb:: [konking] is connected!
[3/15/2023, 1:30:04 PM] [SERVER] [info]: Starting server with port:: 9000
[3/15/2023, 1:30:04 PM] [DATABASE] [info]: MongoDb:: [conbocudb] is connected!
[3/15/2023, 1:30:05 PM] [DATABASE] [info]: MongoDb:: [konking] is connected!
[3/15/2023, 1:31:10 PM] [SERVER] [info]: Starting server with port:: 9000
[3/15/2023, 1:31:10 PM] [DATABASE] [info]: MongoDb:: [conbocudb] is connected!
[3/15/2023, 1:31:11 PM] [DATABASE] [info]: MongoDb:: [konking] is connected!
[3/15/2023, 1:32:39 PM] [SERVER] [info]: Starting server with port:: 9000
[3/15/2023, 1:32:39 PM] [DATABASE] [info]: MongoDb:: [conbocudb] is connected!
[3/15/2023, 1:32:40 PM] [DATABASE] [info]: MongoDb:: [konking] is connected!
[3/15/2023, 1:33:11 PM] [SERVER] [info]: Starting server with port:: 9000
[3/15/2023, 1:33:11 PM] [DATABASE] [info]: MongoDb:: [conbocudb] is connected!
[3/15/2023, 1:33:11 PM] [DATABASE] [info]: MongoDb:: [konking] is connected!
[3/15/2023, 1:33:21 PM] [SERVER] [info]: validating Sigin input
[3/15/2023, 1:33:21 PM] [SERVER] [info]: ADMIN,GUEST
[3/15/2023, 1:33:21 PM] [SERVER] [info]: [Service] create::
[3/15/2023, 1:33:21 PM] [SERVER] [debug]: Start created
[3/15/2023, 1:33:21 PM] [SERVER] [info]: [encode]:: payload -- {
  "iss": "",
  "aud": "",
  "sub": "{\"userId\":\"5c00eb72-0761-429d-8182-29b2d456722f\",\"username\":\"khakhung\",\"roles\":[\"ADMIN\",\"GUEST\"]}",
  "prm": "57d321988f4c65dfdc3eb5e946847d3aeb7f63c137542c5b1e5f97c082ba6d3d29f012541372611ac965de77b5f8141741e18ea608eaf2c3ff2a6f561c984c80",
  "iat": 1678862001,
  "exp": 1678862001
}
[3/15/2023, 1:33:21 PM] [SERVER] [info]: [Input to createTokens][object Object]
[3/15/2023, 1:33:21 PM] [SERVER] [info]: [encode]:: payload -- {
  "iss": "",
  "aud": "",
  "sub": "{\"userId\":\"5c00eb72-0761-429d-8182-29b2d456722f\",\"username\":\"khakhung\",\"roles\":[\"ADMIN\",\"GUEST\"]}",
  "prm": "54260d203831daa20fd29402c0ae9f30e9ec5fd1aed88a99b2e65e1879a640390c58fe494d3941a59d89300f08e4e47dbf6c5a09083e3c65043946c3838656bf",
  "iat": 1678862001,
  "exp": 1678862001
}
[3/15/2023, 1:33:21 PM] [SERVER] [info]: [Logging]:: createdTokens:: [object Object]
[3/15/2023, 1:33:50 PM] [SERVER] [debug]: ::: "{\"userId\":\"5c00eb72-0761-429d-8182-29b2d456722f\",\"username\":\"khakhung\",\"roles\":[\"ADMIN\",\"GUEST\"]}"
[3/15/2023, 1:33:50 PM] [SERVER] [error]: [App] ERROR:: "Tài khoản của bạn bị từ chối. Vui lòng liên hệ Admin"
[3/15/2023, 1:33:50 PM] [SERVER] [info]: err -> Error: Tài khoản của bạn bị từ chối. Vui lòng liên hệ Admin
[3/15/2023, 1:35:38 PM] [SERVER] [info]: Starting server with port:: 9000
[3/15/2023, 1:35:38 PM] [DATABASE] [info]: MongoDb:: [conbocudb] is connected!
[3/15/2023, 1:35:39 PM] [DATABASE] [info]: MongoDb:: [konking] is connected!
[3/15/2023, 1:35:44 PM] [SERVER] [info]: Starting server with port:: 9000
[3/15/2023, 1:35:44 PM] [DATABASE] [info]: MongoDb:: [conbocudb] is connected!
[3/15/2023, 1:35:45 PM] [DATABASE] [info]: MongoDb:: [konking] is connected!
[3/15/2023, 1:35:51 PM] [SERVER] [debug]: ::: "{\"userId\":\"5c00eb72-0761-429d-8182-29b2d456722f\",\"username\":\"khakhung\",\"roles\":[\"ADMIN\",\"GUEST\"]}"
[3/15/2023, 1:35:51 PM] [SERVER] [info]: [Auth]:: ADMIN --vs-- ADMIN,GUEST
[3/15/2023, 1:35:51 PM] [SERVER] [info]: currentuser:: [object Object]
[3/15/2023, 1:35:51 PM] [SERVER] [info]: [ApiKeyService] create::
[3/15/2023, 1:35:51 PM] [SERVER] [info]: ERROR [ApiKeyService]::, ApiKey validation failed: permissions: Cast to string failed for value "[ 'GENERAL' ]" (type Array) at path "permissions", client: Path `client` is required.
[3/15/2023, 1:35:51 PM] [SERVER] [error]: [App] ERROR:: "### ApiKey validation failed: permissions: Cast to string failed for value \"[ 'GENERAL' ]\" (type Array) at path \"permissions\", client: Path `client` is required."
[3/15/2023, 1:35:51 PM] [SERVER] [info]: err -> Error: ### ApiKey validation failed: permissions: Cast to string failed for value "[ 'GENERAL' ]" (type Array) at path "permissions", client: Path `client` is required.
[3/15/2023, 1:35:51 PM] [SERVER] [info]: BadRequestError
[3/15/2023, 1:37:40 PM] [SERVER] [info]: Starting server with port:: 9000
[3/15/2023, 1:37:40 PM] [DATABASE] [info]: MongoDb:: [conbocudb] is connected!
[3/15/2023, 1:37:41 PM] [DATABASE] [info]: MongoDb:: [konking] is connected!
[3/15/2023, 1:40:58 PM] [SERVER] [info]: Starting server with port:: 9000
[3/15/2023, 1:40:58 PM] [DATABASE] [info]: MongoDb:: [conbocudb] is connected!
[3/15/2023, 1:40:59 PM] [SERVER] [info]: Starting server with port:: 9000
[3/15/2023, 1:40:59 PM] [DATABASE] [info]: MongoDb:: [conbocudb] is connected!
[3/15/2023, 1:41:00 PM] [DATABASE] [info]: MongoDb:: [konking] is connected!
[3/15/2023, 1:41:07 PM] [SERVER] [debug]: ::: "{\"userId\":\"5c00eb72-0761-429d-8182-29b2d456722f\",\"username\":\"khakhung\",\"roles\":[\"ADMIN\",\"GUEST\"]}"
[3/15/2023, 1:41:07 PM] [SERVER] [info]: [Auth]:: ADMIN --vs-- ADMIN,GUEST
[3/15/2023, 1:41:07 PM] [SERVER] [info]: currentuser:: 5c00eb72-0761-429d-8182-29b2d456722f
[3/15/2023, 1:41:07 PM] [SERVER] [info]: [ApiKeyService] create::
[3/15/2023, 1:41:07 PM] [SERVER] [info]: ERROR [ApiKeyService]::, ApiKey validation failed: permissions: Cast to string failed for value "[ 'GENERAL' ]" (type Array) at path "permissions", client: Path `client` is required.
[3/15/2023, 1:41:07 PM] [SERVER] [error]: [App] ERROR:: "### ApiKey validation failed: permissions: Cast to string failed for value \"[ 'GENERAL' ]\" (type Array) at path \"permissions\", client: Path `client` is required."
[3/15/2023, 1:41:07 PM] [SERVER] [info]: err -> Error: ### ApiKey validation failed: permissions: Cast to string failed for value "[ 'GENERAL' ]" (type Array) at path "permissions", client: Path `client` is required.
[3/15/2023, 1:41:07 PM] [SERVER] [info]: BadRequestError
[3/15/2023, 1:42:18 PM] [SERVER] [info]: Starting server with port:: 9000
[3/15/2023, 1:42:18 PM] [DATABASE] [info]: MongoDb:: [conbocudb] is connected!
[3/15/2023, 1:42:19 PM] [DATABASE] [info]: MongoDb:: [konking] is connected!
[3/15/2023, 1:42:23 PM] [SERVER] [debug]: ::: "{\"userId\":\"5c00eb72-0761-429d-8182-29b2d456722f\",\"username\":\"khakhung\",\"roles\":[\"ADMIN\",\"GUEST\"]}"
[3/15/2023, 1:42:23 PM] [SERVER] [info]: [Auth]:: ADMIN --vs-- ADMIN,GUEST
[3/15/2023, 1:42:23 PM] [SERVER] [info]: currentuser:: 5c00eb72-0761-429d-8182-29b2d456722f
[3/15/2023, 1:42:23 PM] [SERVER] [info]: [ApiKeyService] create::
[3/15/2023, 1:42:23 PM] [SERVER] [info]: ERROR [ApiKeyService]::, ApiKey validation failed: permissions: Cast to string failed for value "[ 'GENERAL' ]" (type Array) at path "permissions", client: Path `client` is required.
[3/15/2023, 1:42:23 PM] [SERVER] [error]: [App] ERROR:: "### ApiKey validation failed: permissions: Cast to string failed for value \"[ 'GENERAL' ]\" (type Array) at path \"permissions\", client: Path `client` is required."
[3/15/2023, 1:42:23 PM] [SERVER] [info]: err -> Error: ### ApiKey validation failed: permissions: Cast to string failed for value "[ 'GENERAL' ]" (type Array) at path "permissions", client: Path `client` is required.
[3/15/2023, 1:42:23 PM] [SERVER] [info]: BadRequestError
[3/15/2023, 1:43:01 PM] [SERVER] [info]: Starting server with port:: 9000
[3/15/2023, 1:43:01 PM] [DATABASE] [info]: MongoDb:: [conbocudb] is connected!
[3/15/2023, 1:43:02 PM] [DATABASE] [info]: MongoDb:: [konking] is connected!
[3/15/2023, 1:43:10 PM] [SERVER] [debug]: ::: "{\"userId\":\"5c00eb72-0761-429d-8182-29b2d456722f\",\"username\":\"khakhung\",\"roles\":[\"ADMIN\",\"GUEST\"]}"
[3/15/2023, 1:43:10 PM] [SERVER] [info]: [Auth]:: ADMIN --vs-- ADMIN,GUEST
[3/15/2023, 1:43:10 PM] [SERVER] [info]: currentuser:: 5c00eb72-0761-429d-8182-29b2d456722f
[3/15/2023, 1:43:10 PM] [SERVER] [info]: [ApiKeyService] create::
[3/15/2023, 1:43:10 PM] [SERVER] [info]: ERROR [ApiKeyService]::, ApiKey validation failed: permissions: Cast to string failed for value "[ 'GENERAL' ]" (type Array) at path "permissions", client: Path `client` is required.
[3/15/2023, 1:43:10 PM] [SERVER] [error]: [App] ERROR:: "### ApiKey validation failed: permissions: Cast to string failed for value \"[ 'GENERAL' ]\" (type Array) at path \"permissions\", client: Path `client` is required."
[3/15/2023, 1:43:10 PM] [SERVER] [info]: err -> Error: ### ApiKey validation failed: permissions: Cast to string failed for value "[ 'GENERAL' ]" (type Array) at path "permissions", client: Path `client` is required.
[3/15/2023, 1:43:10 PM] [SERVER] [info]: BadRequestError
[3/15/2023, 1:43:29 PM] [SERVER] [info]: Starting server with port:: 9000
[3/15/2023, 1:43:30 PM] [DATABASE] [info]: MongoDb:: [conbocudb] is connected!
[3/15/2023, 1:43:30 PM] [DATABASE] [info]: MongoDb:: [konking] is connected!
[3/15/2023, 1:44:13 PM] [SERVER] [info]: Starting server with port:: 9000
[3/15/2023, 1:44:13 PM] [DATABASE] [info]: MongoDb:: [conbocudb] is connected!
[3/15/2023, 1:44:13 PM] [DATABASE] [info]: MongoDb:: [konking] is connected!
[3/15/2023, 1:44:21 PM] [SERVER] [debug]: ::: "{\"userId\":\"5c00eb72-0761-429d-8182-29b2d456722f\",\"username\":\"khakhung\",\"roles\":[\"ADMIN\",\"GUEST\"]}"
[3/15/2023, 1:44:21 PM] [SERVER] [info]: [Auth]:: ADMIN --vs-- ADMIN,GUEST
[3/15/2023, 1:44:21 PM] [SERVER] [info]: currentuser:: 5c00eb72-0761-429d-8182-29b2d456722f
[3/15/2023, 1:44:21 PM] [SERVER] [info]: [ApiKeyService] create::
[3/15/2023, 1:44:21 PM] [SERVER] [info]: ERROR [ApiKeyService]::, ApiKey validation failed: permissions: Cast to string failed for value "[ 'GENERAL' ]" (type Array) at path "permissions"
[3/15/2023, 1:44:21 PM] [SERVER] [error]: [App] ERROR:: "### ApiKey validation failed: permissions: Cast to string failed for value \"[ 'GENERAL' ]\" (type Array) at path \"permissions\""
[3/15/2023, 1:44:21 PM] [SERVER] [info]: err -> Error: ### ApiKey validation failed: permissions: Cast to string failed for value "[ 'GENERAL' ]" (type Array) at path "permissions"
[3/15/2023, 1:44:21 PM] [SERVER] [info]: BadRequestError
[3/15/2023, 1:45:27 PM] [SERVER] [info]: Starting server with port:: 9000
[3/15/2023, 1:45:27 PM] [DATABASE] [info]: MongoDb:: [conbocudb] is connected!
[3/15/2023, 1:45:28 PM] [DATABASE] [info]: MongoDb:: [konking] is connected!
[3/15/2023, 1:45:36 PM] [SERVER] [debug]: ::: "{\"userId\":\"5c00eb72-0761-429d-8182-29b2d456722f\",\"username\":\"khakhung\",\"roles\":[\"ADMIN\",\"GUEST\"]}"
[3/15/2023, 1:45:36 PM] [SERVER] [info]: [Auth]:: ADMIN --vs-- ADMIN,GUEST
[3/15/2023, 1:45:36 PM] [SERVER] [info]: currentuser:: [object Object]
[3/15/2023, 1:45:36 PM] [SERVER] [info]: [ApiKeyService] create::
[3/15/2023, 1:45:36 PM] [SERVER] [info]: ERROR [ApiKeyService]::, ApiKey validation failed: permissions: Cast to string failed for value "[ 'GENERAL' ]" (type Array) at path "permissions"
[3/15/2023, 1:45:36 PM] [SERVER] [error]: [App] ERROR:: "### ApiKey validation failed: permissions: Cast to string failed for value \"[ 'GENERAL' ]\" (type Array) at path \"permissions\""
[3/15/2023, 1:45:36 PM] [SERVER] [info]: err -> Error: ### ApiKey validation failed: permissions: Cast to string failed for value "[ 'GENERAL' ]" (type Array) at path "permissions"
[3/15/2023, 1:45:36 PM] [SERVER] [info]: BadRequestError
[3/15/2023, 1:46:13 PM] [SERVER] [info]: Starting server with port:: 9000
[3/15/2023, 1:46:13 PM] [DATABASE] [info]: MongoDb:: [conbocudb] is connected!
[3/15/2023, 1:46:13 PM] [DATABASE] [info]: MongoDb:: [konking] is connected!
[3/15/2023, 1:46:18 PM] [SERVER] [debug]: ::: "{\"userId\":\"5c00eb72-0761-429d-8182-29b2d456722f\",\"username\":\"khakhung\",\"roles\":[\"ADMIN\",\"GUEST\"]}"
[3/15/2023, 1:46:18 PM] [SERVER] [info]: [Auth]:: ADMIN --vs-- ADMIN,GUEST
[3/15/2023, 1:46:18 PM] [SERVER] [info]: currentuser:: {"key":"GCMUDiuYvklWvyUNt9n3QztToSHzK7Uj","permissions":["GENERAL"],"comments":["To be used by the xyz vendor"],"version":1}
[3/15/2023, 1:46:18 PM] [SERVER] [info]: [ApiKeyService] create::
[3/15/2023, 1:46:18 PM] [SERVER] [info]: ERROR [ApiKeyService]::, ApiKey validation failed: permissions: Cast to string failed for value "[ 'GENERAL' ]" (type Array) at path "permissions"
[3/15/2023, 1:46:18 PM] [SERVER] [error]: [App] ERROR:: "### ApiKey validation failed: permissions: Cast to string failed for value \"[ 'GENERAL' ]\" (type Array) at path \"permissions\""
[3/15/2023, 1:46:18 PM] [SERVER] [info]: err -> Error: ### ApiKey validation failed: permissions: Cast to string failed for value "[ 'GENERAL' ]" (type Array) at path "permissions"
[3/15/2023, 1:46:18 PM] [SERVER] [info]: BadRequestError
[3/15/2023, 1:46:54 PM] [SERVER] [info]: Starting server with port:: 9000
[3/15/2023, 1:46:54 PM] [DATABASE] [info]: MongoDb:: [conbocudb] is connected!
[3/15/2023, 1:46:55 PM] [DATABASE] [info]: MongoDb:: [konking] is connected!
[3/15/2023, 1:46:58 PM] [SERVER] [debug]: ::: "{\"userId\":\"5c00eb72-0761-429d-8182-29b2d456722f\",\"username\":\"khakhung\",\"roles\":[\"ADMIN\",\"GUEST\"]}"
[3/15/2023, 1:46:58 PM] [SERVER] [info]: [Auth]:: ADMIN --vs-- ADMIN,GUEST
[3/15/2023, 1:46:58 PM] [SERVER] [info]: currentuser:: GENERAL
[3/15/2023, 1:46:58 PM] [SERVER] [info]: [ApiKeyService] create::
[3/15/2023, 1:46:58 PM] [SERVER] [info]: ERROR [ApiKeyService]::, ApiKey validation failed: permissions: Cast to string failed for value "[ 'GENERAL' ]" (type Array) at path "permissions"
[3/15/2023, 1:46:58 PM] [SERVER] [error]: [App] ERROR:: "### ApiKey validation failed: permissions: Cast to string failed for value \"[ 'GENERAL' ]\" (type Array) at path \"permissions\""
[3/15/2023, 1:46:58 PM] [SERVER] [info]: err -> Error: ### ApiKey validation failed: permissions: Cast to string failed for value "[ 'GENERAL' ]" (type Array) at path "permissions"
[3/15/2023, 1:46:58 PM] [SERVER] [info]: BadRequestError
[3/15/2023, 1:49:11 PM] [SERVER] [info]: Starting server with port:: 9000
[3/15/2023, 1:49:12 PM] [DATABASE] [info]: MongoDb:: [conbocudb] is connected!
[3/15/2023, 1:49:12 PM] [DATABASE] [info]: MongoDb:: [konking] is connected!
[3/15/2023, 1:49:14 PM] [SERVER] [debug]: ::: "{\"userId\":\"5c00eb72-0761-429d-8182-29b2d456722f\",\"username\":\"khakhung\",\"roles\":[\"ADMIN\",\"GUEST\"]}"
[3/15/2023, 1:49:14 PM] [SERVER] [info]: [Auth]:: ADMIN --vs-- ADMIN,GUEST
[3/15/2023, 1:49:14 PM] [SERVER] [info]: currentuser:: GENERAL
[3/15/2023, 1:49:15 PM] [SERVER] [info]: [ApiKeyService] create::
[3/15/2023, 1:49:15 PM] [SERVER] [info]: ERROR [ApiKeyService]::, ApiKey validation failed: permissions: Cast to string failed for value "[ 'GENERAL' ]" (type Array) at path "permissions"
[3/15/2023, 1:49:15 PM] [SERVER] [error]: [App] ERROR:: "### ApiKey validation failed: permissions: Cast to string failed for value \"[ 'GENERAL' ]\" (type Array) at path \"permissions\""
[3/15/2023, 1:49:15 PM] [SERVER] [info]: err -> Error: ### ApiKey validation failed: permissions: Cast to string failed for value "[ 'GENERAL' ]" (type Array) at path "permissions"
[3/15/2023, 1:49:15 PM] [SERVER] [info]: BadRequestError
[3/15/2023, 1:50:13 PM] [SERVER] [info]: Starting server with port:: 9000
[3/15/2023, 1:50:13 PM] [DATABASE] [info]: MongoDb:: [conbocudb] is connected!
[3/15/2023, 1:50:14 PM] [DATABASE] [info]: MongoDb:: [konking] is connected!
[3/15/2023, 1:50:27 PM] [SERVER] [debug]: ::: "{\"userId\":\"5c00eb72-0761-429d-8182-29b2d456722f\",\"username\":\"khakhung\",\"roles\":[\"ADMIN\",\"GUEST\"]}"
[3/15/2023, 1:50:27 PM] [SERVER] [info]: [Auth]:: ADMIN --vs-- ADMIN,GUEST
[3/15/2023, 1:50:27 PM] [SERVER] [info]: currentuser:: true
[3/15/2023, 1:50:27 PM] [SERVER] [info]: [ApiKeyService] create::
[3/15/2023, 1:50:27 PM] [SERVER] [info]: ERROR [ApiKeyService]::, ApiKey validation failed: permissions: Cast to string failed for value "[ 'GENERAL' ]" (type Array) at path "permissions"
[3/15/2023, 1:50:27 PM] [SERVER] [error]: [App] ERROR:: "### ApiKey validation failed: permissions: Cast to string failed for value \"[ 'GENERAL' ]\" (type Array) at path \"permissions\""
[3/15/2023, 1:50:27 PM] [SERVER] [info]: err -> Error: ### ApiKey validation failed: permissions: Cast to string failed for value "[ 'GENERAL' ]" (type Array) at path "permissions"
[3/15/2023, 1:50:27 PM] [SERVER] [info]: BadRequestError
[3/15/2023, 1:50:56 PM] [SERVER] [debug]: ::: "{\"userId\":\"5c00eb72-0761-429d-8182-29b2d456722f\",\"username\":\"khakhung\",\"roles\":[\"ADMIN\",\"GUEST\"]}"
[3/15/2023, 1:50:56 PM] [SERVER] [info]: [Auth]:: ADMIN --vs-- ADMIN,GUEST
[3/15/2023, 1:50:56 PM] [SERVER] [info]: currentuser:: true
[3/15/2023, 1:50:56 PM] [SERVER] [info]: [ApiKeyService] create::
[3/15/2023, 1:50:56 PM] [SERVER] [info]: ERROR [ApiKeyService]::, ApiKey validation failed: permissions: Cast to string failed for value "[ 'GENERAL', 'QUAN' ]" (type Array) at path "permissions"
[3/15/2023, 1:50:56 PM] [SERVER] [error]: [App] ERROR:: "### ApiKey validation failed: permissions: Cast to string failed for value \"[ 'GENERAL', 'QUAN' ]\" (type Array) at path \"permissions\""
[3/15/2023, 1:50:56 PM] [SERVER] [info]: err -> Error: ### ApiKey validation failed: permissions: Cast to string failed for value "[ 'GENERAL', 'QUAN' ]" (type Array) at path "permissions"
[3/15/2023, 1:50:56 PM] [SERVER] [info]: BadRequestError
[3/15/2023, 1:53:37 PM] [SERVER] [info]: Starting server with port:: 9000
[3/15/2023, 1:53:37 PM] [DATABASE] [info]: MongoDb:: [conbocudb] is connected!
[3/15/2023, 1:53:38 PM] [DATABASE] [info]: MongoDb:: [konking] is connected!
[3/15/2023, 1:53:46 PM] [SERVER] [debug]: ::: "{\"userId\":\"5c00eb72-0761-429d-8182-29b2d456722f\",\"username\":\"khakhung\",\"roles\":[\"ADMIN\",\"GUEST\"]}"
[3/15/2023, 1:53:46 PM] [SERVER] [info]: [Auth]:: ADMIN --vs-- ADMIN,GUEST
[3/15/2023, 1:53:46 PM] [SERVER] [info]: currentuser:: true
[3/15/2023, 1:53:46 PM] [SERVER] [info]: [ApiKeyService] create::
[3/15/2023, 1:55:30 PM] [SERVER] [info]: Starting server with port:: 9000
[3/15/2023, 1:55:30 PM] [DATABASE] [info]: MongoDb:: [conbocudb] is connected!
[3/15/2023, 1:55:30 PM] [DATABASE] [info]: MongoDb:: [konking] is connected!
[3/15/2023, 1:55:32 PM] [SERVER] [debug]: ::: "{\"userId\":\"5c00eb72-0761-429d-8182-29b2d456722f\",\"username\":\"khakhung\",\"roles\":[\"ADMIN\",\"GUEST\"]}"
[3/15/2023, 1:55:32 PM] [SERVER] [info]: [Auth]:: ADMIN --vs-- ADMIN,GUEST
[3/15/2023, 1:55:32 PM] [SERVER] [info]: currentuser:: true
[3/15/2023, 1:55:32 PM] [SERVER] [info]: [ApiKeyService] create::
[3/15/2023, 1:56:37 PM] [SERVER] [info]: Starting server with port:: 9000
[3/15/2023, 1:56:37 PM] [DATABASE] [info]: MongoDb:: [conbocudb] is connected!
[3/15/2023, 1:56:38 PM] [DATABASE] [info]: MongoDb:: [konking] is connected!
[3/15/2023, 1:56:42 PM] [SERVER] [error]: SOCKET.IO:: [object Object]
[3/15/2023, 1:56:46 PM] [SERVER] [info]: Starting server with port:: 9000
[3/15/2023, 1:56:47 PM] [DATABASE] [info]: MongoDb:: [conbocudb] is connected!
[3/15/2023, 1:56:47 PM] [DATABASE] [info]: MongoDb:: [konking] is connected!
[3/15/2023, 1:57:03 PM] [SERVER] [info]: Starting server with port:: 9000
[3/15/2023, 1:57:03 PM] [DATABASE] [info]: MongoDb:: [conbocudb] is connected!
[3/15/2023, 1:57:04 PM] [DATABASE] [info]: MongoDb:: [konking] is connected!
[3/15/2023, 1:58:28 PM] [SERVER] [debug]: ::: "{\"userId\":\"5c00eb72-0761-429d-8182-29b2d456722f\",\"username\":\"khakhung\",\"roles\":[\"ADMIN\",\"GUEST\"]}"
[3/15/2023, 1:58:28 PM] [SERVER] [info]: [Auth]:: ADMIN --vs-- ADMIN,GUEST
[3/15/2023, 1:58:28 PM] [SERVER] [info]: currentuser:: true
[3/15/2023, 1:58:28 PM] [SERVER] [info]: [ApiKeyService] create::
[3/15/2023, 2:04:29 PM] [SERVER] [info]: Starting server with port:: 9000
[3/15/2023, 2:04:29 PM] [DATABASE] [info]: MongoDb:: [conbocudb] is connected!
[3/15/2023, 2:04:30 PM] [DATABASE] [info]: MongoDb:: [konking] is connected!
[3/15/2023, 2:04:36 PM] [SERVER] [info]: Starting server with port:: 9000
[3/15/2023, 2:04:36 PM] [DATABASE] [info]: MongoDb:: [conbocudb] is connected!
[3/15/2023, 2:04:37 PM] [DATABASE] [info]: MongoDb:: [konking] is connected!
[3/15/2023, 2:05:26 PM] [SERVER] [info]: Starting server with port:: 9000
[3/15/2023, 2:05:26 PM] [DATABASE] [info]: MongoDb:: [conbocudb] is connected!
[3/15/2023, 2:05:26 PM] [DATABASE] [info]: MongoDb:: [konking] is connected!
[3/15/2023, 2:05:31 PM] [SERVER] [debug]: ::: "{\"userId\":\"5c00eb72-0761-429d-8182-29b2d456722f\",\"username\":\"khakhung\",\"roles\":[\"ADMIN\",\"GUEST\"]}"
[3/15/2023, 2:05:31 PM] [SERVER] [info]: [Auth]:: ADMIN --vs-- ADMIN,GUEST
[3/15/2023, 2:05:31 PM] [SERVER] [info]: currentuser:: true
[3/15/2023, 2:05:31 PM] [SERVER] [info]: [ApiKeyService] create::
[3/15/2023, 2:05:31 PM] [SERVER] [info]: ERROR [ApiKeyService]::, E11000 duplicate key error collection: conbocudb.api_keys index: key_1 dup key: { key: "GCMUDiuYvklWvyUNt9n3QztToSHzK7Uj" }
[3/15/2023, 2:05:31 PM] [SERVER] [error]: [App] ERROR:: "### E11000 duplicate key error collection: conbocudb.api_keys index: key_1 dup key: { key: \"GCMUDiuYvklWvyUNt9n3QztToSHzK7Uj\" }"
[3/15/2023, 2:05:31 PM] [SERVER] [info]: err -> Error: ### E11000 duplicate key error collection: conbocudb.api_keys index: key_1 dup key: { key: "GCMUDiuYvklWvyUNt9n3QztToSHzK7Uj" }
[3/15/2023, 2:05:31 PM] [SERVER] [info]: BadRequestError
[3/15/2023, 2:05:47 PM] [SERVER] [debug]: ::: "{\"userId\":\"5c00eb72-0761-429d-8182-29b2d456722f\",\"username\":\"khakhung\",\"roles\":[\"ADMIN\",\"GUEST\"]}"
[3/15/2023, 2:05:47 PM] [SERVER] [info]: [Auth]:: ADMIN --vs-- ADMIN,GUEST
[3/15/2023, 2:05:47 PM] [SERVER] [info]: currentuser:: true
[3/15/2023, 2:05:47 PM] [SERVER] [info]: [ApiKeyService] create::
[3/15/2023, 2:06:28 PM] [SERVER] [info]: Starting server with port:: 9000
[3/15/2023, 2:06:28 PM] [DATABASE] [info]: MongoDb:: [conbocudb] is connected!
[3/15/2023, 2:06:29 PM] [DATABASE] [info]: MongoDb:: [konking] is connected!
[3/15/2023, 2:06:41 PM] [SERVER] [info]: Starting server with port:: 9000
[3/15/2023, 2:06:41 PM] [DATABASE] [info]: MongoDb:: [conbocudb] is connected!
[3/15/2023, 2:06:41 PM] [DATABASE] [info]: MongoDb:: [konking] is connected!
[3/15/2023, 2:06:50 PM] [SERVER] [debug]: ::: "{\"userId\":\"5c00eb72-0761-429d-8182-29b2d456722f\",\"username\":\"khakhung\",\"roles\":[\"ADMIN\",\"GUEST\"]}"
[3/15/2023, 2:06:50 PM] [SERVER] [info]: [Auth]:: ADMIN --vs-- ADMIN,GUEST
[3/15/2023, 2:06:50 PM] [SERVER] [info]: currentuser:: true
[3/15/2023, 2:06:50 PM] [SERVER] [info]: [ApiKeyService] create::
[3/15/2023, 2:08:11 PM] [SERVER] [info]: Starting server with port:: 9000
[3/15/2023, 2:08:11 PM] [DATABASE] [info]: MongoDb:: [conbocudb] is connected!
[3/15/2023, 2:08:11 PM] [DATABASE] [info]: MongoDb:: [konking] is connected!
[3/15/2023, 2:08:23 PM] [SERVER] [debug]: ::: "{\"userId\":\"5c00eb72-0761-429d-8182-29b2d456722f\",\"username\":\"khakhung\",\"roles\":[\"ADMIN\",\"GUEST\"]}"
[3/15/2023, 2:08:23 PM] [SERVER] [info]: [Auth]:: ADMIN --vs-- ADMIN,GUEST
[3/15/2023, 2:08:23 PM] [SERVER] [info]: currentuser:: true
[3/15/2023, 2:08:23 PM] [SERVER] [info]: [ApiKeyService] create::
[3/15/2023, 2:09:05 PM] [SERVER] [info]: Starting server with port:: 9000
[3/15/2023, 2:09:05 PM] [DATABASE] [info]: MongoDb:: [conbocudb] is connected!
[3/15/2023, 2:09:06 PM] [DATABASE] [info]: MongoDb:: [konking] is connected!
[3/15/2023, 2:09:15 PM] [SERVER] [debug]: ::: "{\"userId\":\"5c00eb72-0761-429d-8182-29b2d456722f\",\"username\":\"khakhung\",\"roles\":[\"ADMIN\",\"GUEST\"]}"
[3/15/2023, 2:09:15 PM] [SERVER] [info]: [Auth]:: ADMIN --vs-- ADMIN,GUEST
[3/15/2023, 2:09:15 PM] [SERVER] [info]: currentuser:: true
[3/15/2023, 2:09:15 PM] [SERVER] [info]: [ApiKeyService] create::
[3/15/2023, 2:09:40 PM] [SERVER] [info]: Starting server with port:: 9000
[3/15/2023, 2:09:40 PM] [DATABASE] [info]: MongoDb:: [conbocudb] is connected!
[3/15/2023, 2:09:41 PM] [DATABASE] [info]: MongoDb:: [konking] is connected!
[3/15/2023, 2:10:30 PM] [SERVER] [debug]: ::: "{\"userId\":\"5c00eb72-0761-429d-8182-29b2d456722f\",\"username\":\"khakhung\",\"roles\":[\"ADMIN\",\"GUEST\"]}"
[3/15/2023, 2:10:30 PM] [SERVER] [info]: [Auth]:: ADMIN --vs-- ADMIN,GUEST
[3/15/2023, 2:10:30 PM] [SERVER] [info]: currentuser:: true
[3/15/2023, 2:10:30 PM] [SERVER] [info]: [ApiKeyService] create::
[3/15/2023, 2:10:30 PM] [SERVER] [info]: ERROR [ApiKeyService]::, E11000 duplicate key error collection: conbocudb.api_keys index: key_1 dup key: { key: "TCMUD98YvklWvyUNt9n3QtsNoSHzK7Uj" }
[3/15/2023, 2:10:30 PM] [SERVER] [error]: [App] ERROR:: "### E11000 duplicate key error collection: conbocudb.api_keys index: key_1 dup key: { key: \"TCMUD98YvklWvyUNt9n3QtsNoSHzK7Uj\" }"
[3/15/2023, 2:10:30 PM] [SERVER] [info]: err -> Error: ### E11000 duplicate key error collection: conbocudb.api_keys index: key_1 dup key: { key: "TCMUD98YvklWvyUNt9n3QtsNoSHzK7Uj" }
[3/15/2023, 2:10:30 PM] [SERVER] [info]: BadRequestError
[3/15/2023, 2:10:37 PM] [SERVER] [debug]: ::: "{\"userId\":\"5c00eb72-0761-429d-8182-29b2d456722f\",\"username\":\"khakhung\",\"roles\":[\"ADMIN\",\"GUEST\"]}"
[3/15/2023, 2:10:37 PM] [SERVER] [info]: [Auth]:: ADMIN --vs-- ADMIN,GUEST
[3/15/2023, 2:10:37 PM] [SERVER] [info]: currentuser:: true
[3/15/2023, 2:10:37 PM] [SERVER] [info]: [ApiKeyService] create::
[3/15/2023, 2:24:19 PM] [SERVER] [debug]: ::: "{\"userId\":\"5c00eb72-0761-429d-8182-29b2d456722f\",\"username\":\"khakhung\",\"roles\":[\"ADMIN\",\"GUEST\"]}"
[3/15/2023, 2:24:19 PM] [SERVER] [info]: [Auth]:: ADMIN --vs-- ADMIN,GUEST
[3/15/2023, 2:24:19 PM] [SERVER] [info]: currentuser:: true
[3/15/2023, 2:24:19 PM] [SERVER] [info]: [ApiKeyService] create::
[3/15/2023, 2:24:19 PM] [SERVER] [info]: ERROR [ApiKeyService]::, E11000 duplicate key error collection: conbocudb.api_keys index: key_1 dup key: { key: "LCMUD98YvklWvyUNt9n3QtsNoSHzK7Uj" }
[3/15/2023, 2:24:19 PM] [SERVER] [error]: [App] ERROR:: "### E11000 duplicate key error collection: conbocudb.api_keys index: key_1 dup key: { key: \"LCMUD98YvklWvyUNt9n3QtsNoSHzK7Uj\" }"
[3/15/2023, 2:24:19 PM] [SERVER] [info]: err -> Error: ### E11000 duplicate key error collection: conbocudb.api_keys index: key_1 dup key: { key: "LCMUD98YvklWvyUNt9n3QtsNoSHzK7Uj" }
[3/15/2023, 2:24:19 PM] [SERVER] [info]: BadRequestError
[3/15/2023, 2:24:26 PM] [SERVER] [debug]: ::: "{\"userId\":\"5c00eb72-0761-429d-8182-29b2d456722f\",\"username\":\"khakhung\",\"roles\":[\"ADMIN\",\"GUEST\"]}"
[3/15/2023, 2:24:26 PM] [SERVER] [info]: [Auth]:: ADMIN --vs-- ADMIN,GUEST
[3/15/2023, 2:24:26 PM] [SERVER] [info]: currentuser:: true
[3/15/2023, 2:24:26 PM] [SERVER] [info]: [ApiKeyService] create::
[3/15/2023, 2:28:21 PM] [SERVER] [info]: Starting server with port:: 9000
[3/15/2023, 2:28:21 PM] [DATABASE] [info]: MongoDb:: [conbocudb] is connected!
[3/15/2023, 2:28:22 PM] [DATABASE] [info]: MongoDb:: [konking] is connected!
[3/15/2023, 2:28:26 PM] [SERVER] [info]: Starting server with port:: 9000
[3/15/2023, 2:28:26 PM] [DATABASE] [info]: MongoDb:: [conbocudb] is connected!
[3/15/2023, 2:28:27 PM] [DATABASE] [info]: MongoDb:: [konking] is connected!
[3/15/2023, 2:28:39 PM] [SERVER] [info]: Starting server with port:: 9000
[3/15/2023, 2:28:39 PM] [DATABASE] [info]: MongoDb:: [conbocudb] is connected!
[3/15/2023, 2:28:40 PM] [DATABASE] [info]: MongoDb:: [konking] is connected!
[3/15/2023, 2:29:21 PM] [SERVER] [error]: [App] ERROR:: "Permission denied"
[3/15/2023, 2:29:21 PM] [SERVER] [info]: err -> Error: Permission denied
[3/15/2023, 2:30:25 PM] [SERVER] [error]: [App] ERROR:: "Permission denied"
[3/15/2023, 2:30:25 PM] [SERVER] [info]: err -> Error: Permission denied
[3/15/2023, 2:30:58 PM] [SERVER] [info]: Starting server with port:: 9000
[3/15/2023, 2:30:58 PM] [DATABASE] [info]: MongoDb:: [conbocudb] is connected!
[3/15/2023, 2:30:59 PM] [DATABASE] [info]: MongoDb:: [konking] is connected!
[3/15/2023, 2:33:38 PM] [SERVER] [info]: Starting server with port:: 9000
[3/15/2023, 2:33:38 PM] [DATABASE] [info]: MongoDb:: [conbocudb] is connected!
[3/15/2023, 2:33:39 PM] [DATABASE] [info]: MongoDb:: [konking] is connected!
[3/15/2023, 2:33:44 PM] [SERVER] [info]: [ApiKeyService] find::
[3/15/2023, 2:33:44 PM] [SERVER] [error]: [App] ERROR:: "Permission denied"
[3/15/2023, 2:33:44 PM] [SERVER] [info]: err -> Error: Permission denied
[3/15/2023, 2:35:40 PM] [SERVER] [info]: [ApiKeyService] find::
[3/15/2023, 2:35:40 PM] [SERVER] [error]: [App] ERROR:: "Permission denied"
[3/15/2023, 2:35:40 PM] [SERVER] [info]: err -> Error: Permission denied
[3/15/2023, 2:35:48 PM] [SERVER] [error]: [App] ERROR:: "Permission denied"
[3/15/2023, 2:35:48 PM] [SERVER] [info]: err -> Error: Permission denied
[3/15/2023, 2:35:49 PM] [SERVER] [error]: [App] ERROR:: "Permission denied"
[3/15/2023, 2:35:49 PM] [SERVER] [info]: err -> Error: Permission denied
[3/15/2023, 2:36:10 PM] [SERVER] [error]: [App] ERROR:: "Permission denied"
[3/15/2023, 2:36:10 PM] [SERVER] [info]: err -> Error: Permission denied
[3/15/2023, 2:36:36 PM] [SERVER] [info]: Starting server with port:: 9000
[3/15/2023, 2:36:36 PM] [DATABASE] [info]: MongoDb:: [conbocudb] is connected!
[3/15/2023, 2:36:37 PM] [DATABASE] [info]: MongoDb:: [konking] is connected!
[3/15/2023, 2:36:39 PM] [SERVER] [error]: [App] ERROR:: "Permission denied"
[3/15/2023, 2:36:39 PM] [SERVER] [info]: err -> Error: Permission denied
[3/15/2023, 2:37:13 PM] [SERVER] [info]: Starting server with port:: 9000
[3/15/2023, 2:37:13 PM] [DATABASE] [info]: MongoDb:: [conbocudb] is connected!
[3/15/2023, 2:37:14 PM] [DATABASE] [info]: MongoDb:: [konking] is connected!
[3/15/2023, 2:37:19 PM] [SERVER] [info]: undefined
[3/15/2023, 2:37:19 PM] [SERVER] [error]: [App] ERROR:: "Permission denied"
[3/15/2023, 2:37:19 PM] [SERVER] [info]: err -> Error: Permission denied
[3/15/2023, 2:37:56 PM] [SERVER] [info]: LCMUD98YvklWvyUNt9n3QtsNoSHzK7Uj
[3/15/2023, 2:37:56 PM] [SERVER] [info]: [ApiKeyService] find::
[3/15/2023, 2:37:56 PM] [SERVER] [error]: [App] ERROR:: "[Notfound] Permission denied"
[3/15/2023, 2:37:56 PM] [SERVER] [info]: err -> Error: [Notfound] Permission denied
[3/15/2023, 2:41:51 PM] [SERVER] [info]: Starting server with port:: 9000
[3/15/2023, 2:41:51 PM] [DATABASE] [info]: MongoDb:: [conbocudb] is connected!
[3/15/2023, 2:41:52 PM] [DATABASE] [info]: MongoDb:: [konking] is connected!
[3/15/2023, 2:41:54 PM] [SERVER] [info]: Starting server with port:: 9000
[3/15/2023, 2:41:54 PM] [DATABASE] [info]: MongoDb:: [conbocudb] is connected!
[3/15/2023, 2:41:54 PM] [DATABASE] [info]: MongoDb:: [konking] is connected!
[3/15/2023, 2:42:14 PM] [SERVER] [info]: Starting server with port:: 9000
[3/15/2023, 2:42:14 PM] [DATABASE] [info]: MongoDb:: [conbocudb] is connected!
[3/15/2023, 2:42:15 PM] [DATABASE] [info]: MongoDb:: [konking] is connected!
[3/15/2023, 2:42:16 PM] [SERVER] [info]: LCMUD98YvklWvyUNt9n3QtsNoSHzK7Uj
[3/15/2023, 2:42:16 PM] [SERVER] [info]: [ApiKeyService] find::
[3/15/2023, 2:42:16 PM] [SERVER] [info]: {
  _id: new ObjectId("64116f6d96ba48d1fad7d3c1"),
  key: 'LCMUD98YvklWvyUNt9n3QtsNoSHzK7Uj',
  version: 1,
  permissions: [ 'GENERAL', 'QUAN' ],
  comments: [ 'To be used by the xyz vendor' ],
  createdAt: 2023-03-15T07:10:37.749Z,
  updatedAt: 2023-03-15T07:10:37.749Z
}
[3/15/2023, 2:42:16 PM] [SERVER] [debug]: ::: "{\"userId\":\"5c00eb72-0761-429d-8182-29b2d456722f\",\"username\":\"khakhung\",\"roles\":[\"ADMIN\",\"GUEST\"]}"
[3/15/2023, 2:42:16 PM] [SERVER] [info]: [Auth]:: ADMIN --vs-- ADMIN,GUEST
[3/15/2023, 2:42:16 PM] [SERVER] [info]: currentuser:: true
[3/15/2023, 2:42:16 PM] [SERVER] [info]: [ApiKeyService] create::
[3/15/2023, 2:42:16 PM] [SERVER] [info]: ERROR [ApiKeyService]::, E11000 duplicate key error collection: conbocudb.api_keys index: key_1 dup key: { key: "LCMUD90YvklWvyUNt9n3QtsNoSHzK7Uj" }
[3/15/2023, 2:42:16 PM] [SERVER] [error]: [App] ERROR:: "### E11000 duplicate key error collection: conbocudb.api_keys index: key_1 dup key: { key: \"LCMUD90YvklWvyUNt9n3QtsNoSHzK7Uj\" }"
[3/15/2023, 2:42:16 PM] [SERVER] [info]: err -> Error: ### E11000 duplicate key error collection: conbocudb.api_keys index: key_1 dup key: { key: "LCMUD90YvklWvyUNt9n3QtsNoSHzK7Uj" }
[3/15/2023, 2:42:16 PM] [SERVER] [info]: BadRequestError
[3/15/2023, 2:42:23 PM] [SERVER] [info]: LCMUD98YvklWvyUNt9n3QtsNoSHzK7Uj
[3/15/2023, 2:42:23 PM] [SERVER] [info]: [ApiKeyService] find::
[3/15/2023, 2:42:23 PM] [SERVER] [info]: {
  _id: new ObjectId("64116f6d96ba48d1fad7d3c1"),
  key: 'LCMUD98YvklWvyUNt9n3QtsNoSHzK7Uj',
  version: 1,
  permissions: [ 'GENERAL', 'QUAN' ],
  comments: [ 'To be used by the xyz vendor' ],
  createdAt: 2023-03-15T07:10:37.749Z,
  updatedAt: 2023-03-15T07:10:37.749Z
}
[3/15/2023, 2:42:23 PM] [SERVER] [debug]: ::: "{\"userId\":\"5c00eb72-0761-429d-8182-29b2d456722f\",\"username\":\"khakhung\",\"roles\":[\"ADMIN\",\"GUEST\"]}"
[3/15/2023, 2:42:23 PM] [SERVER] [info]: [Auth]:: ADMIN --vs-- ADMIN,GUEST
[3/15/2023, 2:42:23 PM] [SERVER] [info]: currentuser:: true
[3/15/2023, 2:42:23 PM] [SERVER] [info]: [ApiKeyService] create::
[3/15/2023, 2:45:08 PM] [SERVER] [info]: Starting server with port:: 9000
[3/15/2023, 2:45:08 PM] [DATABASE] [info]: MongoDb:: [conbocudb] is connected!
[3/15/2023, 2:45:09 PM] [DATABASE] [info]: MongoDb:: [konking] is connected!
[3/15/2023, 2:45:13 PM] [SERVER] [info]: Starting server with port:: 9000
[3/15/2023, 2:45:13 PM] [DATABASE] [info]: MongoDb:: [conbocudb] is connected!
[3/15/2023, 2:45:14 PM] [DATABASE] [info]: MongoDb:: [konking] is connected!
[3/15/2023, 2:45:20 PM] [SERVER] [info]: LCMUD98YvklWvyUNt9n3QtsNoSHzK7U
[3/15/2023, 2:45:20 PM] [SERVER] [info]: [ApiKeyService] find::
[3/15/2023, 2:45:20 PM] [SERVER] [error]: [App] ERROR:: "[Notfound] Permission denied"
[3/15/2023, 2:45:20 PM] [SERVER] [info]: err -> Error: [Notfound] Permission denied
[3/15/2023, 2:45:28 PM] [SERVER] [info]: LCMUD98YvklWvyUNt9n3QtsNoSHzK7Uj
[3/15/2023, 2:45:28 PM] [SERVER] [info]: [ApiKeyService] find::
[3/15/2023, 2:45:28 PM] [SERVER] [info]: {
  _id: new ObjectId("64116f6d96ba48d1fad7d3c1"),
  key: 'LCMUD98YvklWvyUNt9n3QtsNoSHzK7Uj',
  version: 1,
  permissions: [ 'GENERAL', 'QUAN' ],
  comments: [ 'To be used by the xyz vendor' ],
  createdAt: 2023-03-15T07:10:37.749Z,
  updatedAt: 2023-03-15T07:10:37.749Z
}
[3/15/2023, 2:45:28 PM] [SERVER] [debug]: ::: "{\"userId\":\"5c00eb72-0761-429d-8182-29b2d456722f\",\"username\":\"khakhung\",\"roles\":[\"ADMIN\",\"GUEST\"]}"
[3/15/2023, 2:45:28 PM] [SERVER] [info]: [Auth]:: ADMIN --vs-- ADMIN,GUEST
[3/15/2023, 2:45:28 PM] [SERVER] [info]: currentuser:: true
[3/15/2023, 2:45:28 PM] [SERVER] [info]: [ApiKeyService] create::
[3/15/2023, 2:45:28 PM] [SERVER] [info]: ERROR [ApiKeyService]::, E11000 duplicate key error collection: conbocudb.api_keys index: key_1 dup key: { key: "CCMUD90YvklWvyUNt9n3QtsNoSHzK7Uj" }
[3/15/2023, 2:45:28 PM] [SERVER] [error]: [App] ERROR:: "### E11000 duplicate key error collection: conbocudb.api_keys index: key_1 dup key: { key: \"CCMUD90YvklWvyUNt9n3QtsNoSHzK7Uj\" }"
[3/15/2023, 2:45:28 PM] [SERVER] [info]: err -> Error: ### E11000 duplicate key error collection: conbocudb.api_keys index: key_1 dup key: { key: "CCMUD90YvklWvyUNt9n3QtsNoSHzK7Uj" }
[3/15/2023, 2:45:28 PM] [SERVER] [info]: BadRequestError
[3/15/2023, 2:45:36 PM] [SERVER] [info]: undefined
[3/15/2023, 2:45:36 PM] [SERVER] [error]: [App] ERROR:: "[No api-key] Permission denied"
[3/15/2023, 2:45:36 PM] [SERVER] [info]: err -> Error: [No api-key] Permission denied
[3/15/2023, 2:47:14 PM] [SERVER] [info]: undefined
[3/15/2023, 2:47:14 PM] [SERVER] [error]: [App] ERROR:: "[No api-key] Permission denied"
[3/15/2023, 2:47:14 PM] [SERVER] [info]: err -> Error: [No api-key] Permission denied
[3/15/2023, 2:47:47 PM] [SERVER] [info]: undefined
[3/15/2023, 2:47:47 PM] [SERVER] [error]: [App] ERROR:: "[No api-key] Permission denied"
[3/15/2023, 2:47:47 PM] [SERVER] [info]: err -> Error: [No api-key] Permission denied
[3/15/2023, 2:47:52 PM] [SERVER] [info]: LCMUD98YvklWvyUNt9n3QtsNoSHzK7Uj
[3/15/2023, 2:47:52 PM] [SERVER] [info]: [ApiKeyService] find::
[3/15/2023, 2:47:52 PM] [SERVER] [info]: {
  _id: new ObjectId("64116f6d96ba48d1fad7d3c1"),
  key: 'LCMUD98YvklWvyUNt9n3QtsNoSHzK7Uj',
  version: 1,
  permissions: [ 'GENERAL', 'QUAN' ],
  comments: [ 'To be used by the xyz vendor' ],
  createdAt: 2023-03-15T07:10:37.749Z,
  updatedAt: 2023-03-15T07:10:37.749Z
}
[3/15/2023, 2:47:52 PM] [SERVER] [debug]: ::: "{\"userId\":\"5c00eb72-0761-429d-8182-29b2d456722f\",\"username\":\"khakhung\",\"roles\":[\"ADMIN\",\"GUEST\"]}"
[3/15/2023, 2:47:52 PM] [SERVER] [info]: [Auth]:: ADMIN --vs-- ADMIN,GUEST
[3/15/2023, 2:47:52 PM] [SERVER] [info]: currentuser:: true
[3/15/2023, 2:47:52 PM] [SERVER] [info]: [ApiKeyService] create::
[3/15/2023, 2:47:52 PM] [SERVER] [info]: ERROR [ApiKeyService]::, E11000 duplicate key error collection: conbocudb.api_keys index: key_1 dup key: { key: "CCMUD90YvklWvyUNt9n3QtsNoSHzK7Uj" }
[3/15/2023, 2:47:52 PM] [SERVER] [error]: [App] ERROR:: "### E11000 duplicate key error collection: conbocudb.api_keys index: key_1 dup key: { key: \"CCMUD90YvklWvyUNt9n3QtsNoSHzK7Uj\" }"
[3/15/2023, 2:47:52 PM] [SERVER] [info]: err -> Error: ### E11000 duplicate key error collection: conbocudb.api_keys index: key_1 dup key: { key: "CCMUD90YvklWvyUNt9n3QtsNoSHzK7Uj" }
[3/15/2023, 2:47:52 PM] [SERVER] [info]: BadRequestError
[3/15/2023, 2:48:35 PM] [SERVER] [info]: Starting server with port:: 9000
[3/15/2023, 2:48:35 PM] [DATABASE] [info]: MongoDb:: [conbocudb] is connected!
[3/15/2023, 2:48:36 PM] [DATABASE] [info]: MongoDb:: [konking] is connected!
[3/15/2023, 2:48:50 PM] [SERVER] [info]: Starting server with port:: 9000
[3/15/2023, 2:48:50 PM] [DATABASE] [info]: MongoDb:: [conbocudb] is connected!
[3/15/2023, 2:48:51 PM] [DATABASE] [info]: MongoDb:: [konking] is connected!
[3/15/2023, 2:49:02 PM] [SERVER] [info]: LCMUD98YvklWvyUNt9n3QtsNoSHzK7Uj
[3/15/2023, 2:49:02 PM] [SERVER] [info]: [ApiKeyService] find::
[3/15/2023, 2:49:02 PM] [SERVER] [error]: [App] ERROR:: "[Notfound] Permission denied"
[3/15/2023, 2:49:02 PM] [SERVER] [info]: err -> Error: [Notfound] Permission denied
[3/15/2023, 2:49:48 PM] [SERVER] [info]: GCMUDiuY5a7WvyUNt9n3QztToSHzK7Uj
[3/15/2023, 2:49:48 PM] [SERVER] [info]: [ApiKeyService] find::
[3/15/2023, 2:49:48 PM] [SERVER] [error]: [App] ERROR:: "[Notfound] Permission denied"
[3/15/2023, 2:49:48 PM] [SERVER] [info]: err -> Error: [Notfound] Permission denied
[3/15/2023, 2:50:19 PM] [SERVER] [info]: Starting server with port:: 9000
[3/15/2023, 2:50:19 PM] [DATABASE] [info]: MongoDb:: [conbocudb] is connected!
[3/15/2023, 2:50:20 PM] [DATABASE] [info]: MongoDb:: [konking] is connected!
[3/15/2023, 2:50:42 PM] [SERVER] [debug]: ::: "{\"userId\":\"5c00eb72-0761-429d-8182-29b2d456722f\",\"username\":\"khakhung\",\"roles\":[\"ADMIN\",\"GUEST\"]}"
[3/15/2023, 2:50:42 PM] [SERVER] [info]: [Auth]:: ADMIN --vs-- ADMIN,GUEST
[3/15/2023, 2:50:42 PM] [SERVER] [info]: currentuser:: true
[3/15/2023, 2:50:42 PM] [SERVER] [info]: [ApiKeyService] create::
[3/15/2023, 2:51:03 PM] [SERVER] [info]: Starting server with port:: 9000
[3/15/2023, 2:51:03 PM] [DATABASE] [info]: MongoDb:: [conbocudb] is connected!
[3/15/2023, 2:51:04 PM] [DATABASE] [info]: MongoDb:: [konking] is connected!
[3/15/2023, 2:51:12 PM] [SERVER] [info]: CCMUD90YvklWvyUNt9n3QtsNoSHzK7U
[3/15/2023, 2:51:12 PM] [SERVER] [info]: [ApiKeyService] find::
[3/15/2023, 2:51:12 PM] [SERVER] [error]: [App] ERROR:: "[Notfound] Permission denied"
[3/15/2023, 2:51:12 PM] [SERVER] [info]: err -> Error: [Notfound] Permission denied
[3/15/2023, 2:51:19 PM] [SERVER] [info]: CCMUD90YvklWvyUNt9n3QtsNoSHzK7Uj
[3/15/2023, 2:51:19 PM] [SERVER] [info]: [ApiKeyService] find::
[3/15/2023, 2:51:19 PM] [SERVER] [info]: {
  _id: new ObjectId("641178d2d70b76b1ebc1aeef"),
  key: 'CCMUD90YvklWvyUNt9n3QtsNoSHzK7Uj',
  version: 1,
  permissions: [ 'GENERAL', 'QUAN' ],
  comments: [ 'To be used by the xyz vendor' ],
  createdAt: 2023-03-15T07:50:42.869Z,
  updatedAt: 2023-03-15T07:50:42.869Z
}
[3/15/2023, 2:51:19 PM] [SERVER] [debug]: ::: "{\"userId\":\"5c00eb72-0761-429d-8182-29b2d456722f\",\"username\":\"khakhung\",\"roles\":[\"ADMIN\",\"GUEST\"]}"
[3/15/2023, 2:51:19 PM] [SERVER] [info]: [Auth]:: ADMIN --vs-- ADMIN,GUEST
[3/15/2023, 2:51:19 PM] [SERVER] [info]: currentuser:: true
[3/15/2023, 2:51:19 PM] [SERVER] [info]: [ApiKeyService] create::
[3/15/2023, 2:52:34 PM] [SERVER] [info]: Starting server with port:: 9000
[3/15/2023, 2:52:34 PM] [DATABASE] [info]: MongoDb:: [conbocudb] is connected!
[3/15/2023, 2:52:34 PM] [DATABASE] [info]: MongoDb:: [konking] is connected!
[3/15/2023, 2:52:39 PM] [SERVER] [info]: CCMUD90YvklWvyUNt9n3QtsNoSHzK7Uj
[3/15/2023, 2:52:39 PM] [SERVER] [info]: [ApiKeyService] find::
[3/15/2023, 2:52:39 PM] [SERVER] [info]: {
  _id: new ObjectId("641178d2d70b76b1ebc1aeef"),
  key: 'CCMUD90YvklWvyUNt9n3QtsNoSHzK7Uj',
  version: 1,
  permissions: [ 'GENERAL', 'QUAN' ],
  comments: [ 'To be used by the xyz vendor' ],
  createdAt: 2023-03-15T07:50:42.869Z,
  updatedAt: 2023-03-15T07:50:42.869Z
}
[3/15/2023, 2:52:39 PM] [SERVER] [debug]: ::: "{\"userId\":\"5c00eb72-0761-429d-8182-29b2d456722f\",\"username\":\"khakhung\",\"roles\":[\"ADMIN\",\"GUEST\"]}"
[3/15/2023, 2:52:39 PM] [SERVER] [info]: [Auth]:: ADMIN --vs-- ADMIN,GUEST
[3/15/2023, 2:52:39 PM] [SERVER] [info]: currentuser:: true
[3/15/2023, 2:52:39 PM] [SERVER] [info]: [ApiKeyService] create::
[3/15/2023, 2:53:24 PM] [SERVER] [info]: Starting server with port:: 9000
[3/15/2023, 2:53:24 PM] [DATABASE] [info]: MongoDb:: [conbocudb] is connected!
[3/15/2023, 2:53:24 PM] [DATABASE] [info]: MongoDb:: [konking] is connected!
[3/15/2023, 2:53:33 PM] [SERVER] [info]: CCMUD90YvklWvyUNt9n3QtsNoSHzK7Uj
[3/15/2023, 2:53:33 PM] [SERVER] [info]: [ApiKeyService] find::
[3/15/2023, 2:53:33 PM] [SERVER] [info]: {
  _id: new ObjectId("641178d2d70b76b1ebc1aeef"),
  key: 'CCMUD90YvklWvyUNt9n3QtsNoSHzK7Uj',
  version: 1,
  permissions: [ 'GENERAL', 'QUAN' ],
  comments: [ 'To be used by the xyz vendor' ],
  createdAt: 2023-03-15T07:50:42.869Z,
  updatedAt: 2023-03-15T07:50:42.869Z
}
[3/15/2023, 2:53:33 PM] [SERVER] [debug]: ::: "{\"userId\":\"5c00eb72-0761-429d-8182-29b2d456722f\",\"username\":\"khakhung\",\"roles\":[\"ADMIN\",\"GUEST\"]}"
[3/15/2023, 2:53:33 PM] [SERVER] [info]: [Auth]:: ADMIN --vs-- ADMIN,GUEST
[3/15/2023, 2:53:33 PM] [SERVER] [info]: currentuser:: true
[3/15/2023, 2:53:33 PM] [SERVER] [info]: [ApiKeyService] create::
[3/15/2023, 2:54:04 PM] [SERVER] [info]: Starting server with port:: 9000
[3/15/2023, 2:54:04 PM] [DATABASE] [info]: MongoDb:: [conbocudb] is connected!
[3/15/2023, 2:54:04 PM] [DATABASE] [info]: MongoDb:: [konking] is connected!
[3/15/2023, 2:54:09 PM] [SERVER] [info]: CCMUD90YvklWvyUNt9n3QtsNoSHzK7Uj
[3/15/2023, 2:54:09 PM] [SERVER] [info]: [ApiKeyService] find::
[3/15/2023, 2:54:09 PM] [SERVER] [info]: {
  _id: new ObjectId("641178d2d70b76b1ebc1aeef"),
  key: 'CCMUD90YvklWvyUNt9n3QtsNoSHzK7Uj',
  version: 1,
  permissions: [ 'GENERAL', 'QUAN' ],
  comments: [ 'To be used by the xyz vendor' ],
  createdAt: 2023-03-15T07:50:42.869Z,
  updatedAt: 2023-03-15T07:50:42.869Z
}
[3/15/2023, 2:54:09 PM] [SERVER] [debug]: ::: "{\"userId\":\"5c00eb72-0761-429d-8182-29b2d456722f\",\"username\":\"khakhung\",\"roles\":[\"ADMIN\",\"GUEST\"]}"
[3/15/2023, 2:54:09 PM] [SERVER] [info]: [Auth]:: ADMIN --vs-- ADMIN,GUEST
[3/15/2023, 2:54:09 PM] [SERVER] [info]: currentuser:: true
[3/15/2023, 2:54:09 PM] [SERVER] [info]: [ApiKeyService] create::
[3/15/2023, 2:55:32 PM] [SERVER] [info]: Starting server with port:: 9000
[3/15/2023, 2:55:32 PM] [DATABASE] [info]: MongoDb:: [conbocudb] is connected!
[3/15/2023, 2:55:33 PM] [DATABASE] [info]: MongoDb:: [konking] is connected!
[3/15/2023, 2:55:36 PM] [SERVER] [info]: CCMUD90YvklWvyUNt9n3QtsNoSHzK7Uj
[3/15/2023, 2:55:36 PM] [SERVER] [info]: [ApiKeyService] find::
[3/15/2023, 2:55:36 PM] [SERVER] [info]: {
  _id: new ObjectId("641178d2d70b76b1ebc1aeef"),
  key: 'CCMUD90YvklWvyUNt9n3QtsNoSHzK7Uj',
  version: 1,
  permissions: [ 'GENERAL', 'QUAN' ],
  comments: [ 'To be used by the xyz vendor' ],
  createdAt: 2023-03-15T07:50:42.869Z,
  updatedAt: 2023-03-15T07:50:42.869Z
}
[3/15/2023, 2:55:36 PM] [SERVER] [debug]: ::: "{\"userId\":\"5c00eb72-0761-429d-8182-29b2d456722f\",\"username\":\"khakhung\",\"roles\":[\"ADMIN\",\"GUEST\"]}"
[3/15/2023, 2:55:36 PM] [SERVER] [info]: [Auth]:: ADMIN --vs-- ADMIN,GUEST
[3/15/2023, 2:55:36 PM] [SERVER] [info]: currentuser:: true
[3/15/2023, 2:55:36 PM] [SERVER] [info]: [ApiKeyService] create::
[3/15/2023, 2:55:57 PM] [SERVER] [info]: Starting server with port:: 9000
[3/15/2023, 2:55:58 PM] [DATABASE] [info]: MongoDb:: [conbocudb] is connected!
[3/15/2023, 2:55:58 PM] [DATABASE] [info]: MongoDb:: [konking] is connected!
[3/15/2023, 2:56:01 PM] [SERVER] [info]: CCMUD90YvklWvyUNt9n3QtsNoSHzK7Uj
[3/15/2023, 2:56:01 PM] [SERVER] [info]: [ApiKeyService] find::
[3/15/2023, 2:56:01 PM] [SERVER] [info]: {
  _id: new ObjectId("641178d2d70b76b1ebc1aeef"),
  key: 'CCMUD90YvklWvyUNt9n3QtsNoSHzK7Uj',
  version: 1,
  permissions: [ 'GENERAL', 'QUAN' ],
  comments: [ 'To be used by the xyz vendor' ],
  createdAt: 2023-03-15T07:50:42.869Z,
  updatedAt: 2023-03-15T07:50:42.869Z
}
[3/15/2023, 2:56:01 PM] [SERVER] [debug]: ::: "{\"userId\":\"5c00eb72-0761-429d-8182-29b2d456722f\",\"username\":\"khakhung\",\"roles\":[\"ADMIN\",\"GUEST\"]}"
[3/15/2023, 2:56:01 PM] [SERVER] [info]: [Auth]:: ADMIN --vs-- ADMIN,GUEST
[3/15/2023, 2:56:01 PM] [SERVER] [info]: currentuser:: true
[3/15/2023, 2:56:01 PM] [SERVER] [info]: [ApiKeyService] create::
[3/15/2023, 2:56:35 PM] [SERVER] [info]: Starting server with port:: 9000
[3/15/2023, 2:56:36 PM] [DATABASE] [info]: MongoDb:: [conbocudb] is connected!
[3/15/2023, 2:56:36 PM] [DATABASE] [info]: MongoDb:: [konking] is connected!
[3/15/2023, 2:56:41 PM] [SERVER] [info]: CCMUD90YvklWvyUNt9n3QtsNoSHzK7Uj
[3/15/2023, 2:56:41 PM] [SERVER] [info]: [ApiKeyService] find::
[3/15/2023, 2:56:41 PM] [SERVER] [info]: {
  _id: new ObjectId("641178d2d70b76b1ebc1aeef"),
  key: 'CCMUD90YvklWvyUNt9n3QtsNoSHzK7Uj',
  version: 1,
  permissions: [ 'GENERAL', 'QUAN' ],
  comments: [ 'To be used by the xyz vendor' ],
  createdAt: 2023-03-15T07:50:42.869Z,
  updatedAt: 2023-03-15T07:50:42.869Z
}
[3/15/2023, 2:56:41 PM] [SERVER] [debug]: ::: "{\"userId\":\"5c00eb72-0761-429d-8182-29b2d456722f\",\"username\":\"khakhung\",\"roles\":[\"ADMIN\",\"GUEST\"]}"
[3/15/2023, 2:56:41 PM] [SERVER] [info]: [Auth]:: ADMIN --vs-- ADMIN,GUEST
[3/15/2023, 2:56:41 PM] [SERVER] [info]: currentuser:: true
[3/15/2023, 2:56:41 PM] [SERVER] [info]: [ApiKeyService] create::
[3/15/2023, 2:57:44 PM] [SERVER] [info]: CCMUD90YvklWvyUNt9n3QtsNoSHzK7Uj
[3/15/2023, 2:57:44 PM] [SERVER] [info]: [ApiKeyService] find::
[3/15/2023, 2:57:44 PM] [SERVER] [info]: {
  _id: new ObjectId("641178d2d70b76b1ebc1aeef"),
  key: 'CCMUD90YvklWvyUNt9n3QtsNoSHzK7Uj',
  version: 1,
  permissions: [ 'GENERAL', 'QUAN' ],
  comments: [ 'To be used by the xyz vendor' ],
  createdAt: 2023-03-15T07:50:42.869Z,
  updatedAt: 2023-03-15T07:50:42.869Z
}
[3/15/2023, 2:57:44 PM] [SERVER] [debug]: ::: "{\"userId\":\"5c00eb72-0761-429d-8182-29b2d456722f\",\"username\":\"khakhung\",\"roles\":[\"ADMIN\",\"GUEST\"]}"
[3/15/2023, 2:57:44 PM] [SERVER] [info]: [Auth]:: ADMIN --vs-- ADMIN,GUEST
[3/15/2023, 2:57:44 PM] [SERVER] [info]: currentuser:: true
[3/15/2023, 2:57:44 PM] [SERVER] [info]: [ApiKeyService] create::
[3/15/2023, 2:58:24 PM] [SERVER] [info]: Starting server with port:: 9000
[3/15/2023, 2:58:24 PM] [DATABASE] [info]: MongoDb:: [conbocudb] is connected!
[3/15/2023, 2:58:24 PM] [DATABASE] [info]: MongoDb:: [konking] is connected!
[3/15/2023, 2:58:27 PM] [SERVER] [error]: SOCKET.IO:: [object Object]
[3/15/2023, 2:58:31 PM] [SERVER] [info]: Starting server with port:: 9000
[3/15/2023, 2:58:31 PM] [DATABASE] [info]: MongoDb:: [conbocudb] is connected!
[3/15/2023, 2:58:32 PM] [DATABASE] [info]: MongoDb:: [konking] is connected!
[3/15/2023, 2:58:35 PM] [SERVER] [info]: CCMUD90YvklWvyUNt9n3QtsNoSHzK7Uj
[3/15/2023, 2:58:35 PM] [SERVER] [info]: [ApiKeyService] find::
[3/15/2023, 2:58:35 PM] [SERVER] [info]: {
  _id: new ObjectId("641178d2d70b76b1ebc1aeef"),
  key: 'CCMUD90YvklWvyUNt9n3QtsNoSHzK7Uj',
  version: 1,
  permissions: [ 'GENERAL', 'QUAN' ],
  comments: [ 'To be used by the xyz vendor' ],
  createdAt: 2023-03-15T07:50:42.869Z,
  updatedAt: 2023-03-15T07:50:42.869Z
}
[3/15/2023, 2:58:35 PM] [SERVER] [debug]: ::: "{\"userId\":\"5c00eb72-0761-429d-8182-29b2d456722f\",\"username\":\"khakhung\",\"roles\":[\"ADMIN\",\"GUEST\"]}"
[3/15/2023, 2:58:35 PM] [SERVER] [info]: [Auth]:: ADMIN --vs-- ADMIN,GUEST
[3/15/2023, 2:58:35 PM] [SERVER] [info]: currentuser:: true
[3/15/2023, 2:58:35 PM] [SERVER] [info]: [ApiKeyService] create::
[3/15/2023, 2:59:26 PM] [SERVER] [info]: Starting server with port:: 9000
[3/15/2023, 2:59:26 PM] [DATABASE] [info]: MongoDb:: [conbocudb] is connected!
[3/15/2023, 2:59:27 PM] [DATABASE] [info]: MongoDb:: [konking] is connected!
[3/15/2023, 2:59:59 PM] [SERVER] [info]: Starting server with port:: 9000
[3/15/2023, 2:59:59 PM] [DATABASE] [info]: MongoDb:: [conbocudb] is connected!
[3/15/2023, 3:00:00 PM] [DATABASE] [info]: MongoDb:: [konking] is connected!
[3/15/2023, 3:00:12 PM] [SERVER] [info]: CCMUD90YvklWvyUNt9n3QtsNoSHzK7Uj
[3/15/2023, 3:00:12 PM] [SERVER] [info]: [ApiKeyService] find::
[3/15/2023, 3:00:12 PM] [SERVER] [info]: {
  _id: new ObjectId("641178d2d70b76b1ebc1aeef"),
  key: 'CCMUD90YvklWvyUNt9n3QtsNoSHzK7Uj',
  version: 1,
  permissions: [ 'GENERAL', 'QUAN' ],
  comments: [ 'To be used by the xyz vendor' ],
  createdAt: 2023-03-15T07:50:42.869Z,
  updatedAt: 2023-03-15T07:50:42.869Z
}
[3/15/2023, 3:00:12 PM] [SERVER] [debug]: ::: "{\"userId\":\"5c00eb72-0761-429d-8182-29b2d456722f\",\"username\":\"khakhung\",\"roles\":[\"ADMIN\",\"GUEST\"]}"
[3/15/2023, 3:00:12 PM] [SERVER] [info]: [Auth]:: ADMIN --vs-- ADMIN,GUEST
[3/15/2023, 3:00:12 PM] [SERVER] [info]: currentuser:: true
[3/15/2023, 3:00:12 PM] [SERVER] [info]: [ApiKeyService] create::
[3/15/2023, 3:00:54 PM] [SERVER] [info]: Starting server with port:: 9000
[3/15/2023, 3:00:54 PM] [DATABASE] [info]: MongoDb:: [conbocudb] is connected!
[3/15/2023, 3:00:55 PM] [DATABASE] [info]: MongoDb:: [konking] is connected!
[3/15/2023, 3:01:01 PM] [SERVER] [info]: CCMUD90YvklWvyUNt9n3QtsNoSHzK7Uj
[3/15/2023, 3:01:01 PM] [SERVER] [info]: [ApiKeyService] find::
[3/15/2023, 3:01:01 PM] [SERVER] [info]: {
  _id: new ObjectId("641178d2d70b76b1ebc1aeef"),
  key: 'CCMUD90YvklWvyUNt9n3QtsNoSHzK7Uj',
  version: 1,
  permissions: [ 'GENERAL', 'QUAN' ],
  comments: [ 'To be used by the xyz vendor' ],
  createdAt: 2023-03-15T07:50:42.869Z,
  updatedAt: 2023-03-15T07:50:42.869Z
}
[3/15/2023, 3:01:01 PM] [SERVER] [debug]: ::: "{\"userId\":\"5c00eb72-0761-429d-8182-29b2d456722f\",\"username\":\"khakhung\",\"roles\":[\"ADMIN\",\"GUEST\"]}"
[3/15/2023, 3:01:01 PM] [SERVER] [info]: [Auth]:: ADMIN --vs-- ADMIN,GUEST
[3/15/2023, 3:01:01 PM] [SERVER] [info]: currentuser:: true
[3/15/2023, 3:01:01 PM] [SERVER] [info]: [ApiKeyService] create::
[3/15/2023, 3:01:27 PM] [SERVER] [info]: Starting server with port:: 9000
[3/15/2023, 3:01:27 PM] [DATABASE] [info]: MongoDb:: [conbocudb] is connected!
[3/15/2023, 3:01:27 PM] [DATABASE] [info]: MongoDb:: [konking] is connected!
[3/15/2023, 3:01:31 PM] [SERVER] [info]: CCMUD90YvklWvyUNt9n3QtsNoSHzK7Uj
[3/15/2023, 3:01:31 PM] [SERVER] [info]: [ApiKeyService] find::
[3/15/2023, 3:01:31 PM] [SERVER] [info]: {
  _id: new ObjectId("641178d2d70b76b1ebc1aeef"),
  key: 'CCMUD90YvklWvyUNt9n3QtsNoSHzK7Uj',
  version: 1,
  permissions: [ 'GENERAL', 'QUAN' ],
  comments: [ 'To be used by the xyz vendor' ],
  createdAt: 2023-03-15T07:50:42.869Z,
  updatedAt: 2023-03-15T07:50:42.869Z
}
[3/15/2023, 3:01:31 PM] [SERVER] [debug]: ::: "{\"userId\":\"5c00eb72-0761-429d-8182-29b2d456722f\",\"username\":\"khakhung\",\"roles\":[\"ADMIN\",\"GUEST\"]}"
[3/15/2023, 3:01:31 PM] [SERVER] [info]: [Auth]:: ADMIN --vs-- ADMIN,GUEST
[3/15/2023, 3:01:31 PM] [SERVER] [info]: currentuser:: true
[3/15/2023, 3:01:31 PM] [SERVER] [info]: [ApiKeyService] create::
[3/15/2023, 3:02:09 PM] [SERVER] [info]: Starting server with port:: 9000
[3/15/2023, 3:02:09 PM] [DATABASE] [info]: MongoDb:: [conbocudb] is connected!
[3/15/2023, 3:02:10 PM] [DATABASE] [info]: MongoDb:: [konking] is connected!
[3/15/2023, 3:02:36 PM] [SERVER] [info]: CCMUD90YvklWvyUNt9n3QtsNoSHzK7Uj
[3/15/2023, 3:02:36 PM] [SERVER] [info]: [ApiKeyService] find::
[3/15/2023, 3:02:36 PM] [SERVER] [info]: {
  _id: new ObjectId("641178d2d70b76b1ebc1aeef"),
  key: 'CCMUD90YvklWvyUNt9n3QtsNoSHzK7Uj',
  version: 1,
  permissions: [ 'GENERAL', 'QUAN' ],
  comments: [ 'To be used by the xyz vendor' ],
  createdAt: 2023-03-15T07:50:42.869Z,
  updatedAt: 2023-03-15T07:50:42.869Z
}
[3/15/2023, 3:02:36 PM] [SERVER] [debug]: ::: "{\"userId\":\"5c00eb72-0761-429d-8182-29b2d456722f\",\"username\":\"khakhung\",\"roles\":[\"ADMIN\",\"GUEST\"]}"
[3/15/2023, 3:02:36 PM] [SERVER] [info]: [Auth]:: ADMIN --vs-- ADMIN,GUEST
[3/15/2023, 3:02:36 PM] [SERVER] [info]: currentuser:: true
[3/15/2023, 3:02:36 PM] [SERVER] [info]: [ApiKeyService] create::
[3/15/2023, 3:03:41 PM] [SERVER] [info]: Starting server with port:: 9000
[3/15/2023, 3:03:41 PM] [DATABASE] [info]: MongoDb:: [conbocudb] is connected!
[3/15/2023, 3:03:42 PM] [DATABASE] [info]: MongoDb:: [konking] is connected!
[3/15/2023, 3:03:46 PM] [SERVER] [info]: CCMUD90YvklWvyUNt9n3QtsNoSHzK7Uj
[3/15/2023, 3:03:46 PM] [SERVER] [info]: [ApiKeyService] find::
[3/15/2023, 3:03:46 PM] [SERVER] [info]: {
  _id: new ObjectId("641178d2d70b76b1ebc1aeef"),
  key: 'CCMUD90YvklWvyUNt9n3QtsNoSHzK7Uj',
  version: 1,
  permissions: [ 'GENERAL', 'QUAN' ],
  comments: [ 'To be used by the xyz vendor' ],
  createdAt: 2023-03-15T07:50:42.869Z,
  updatedAt: 2023-03-15T07:50:42.869Z
}
[3/15/2023, 3:03:46 PM] [SERVER] [debug]: ::: "{\"userId\":\"5c00eb72-0761-429d-8182-29b2d456722f\",\"username\":\"khakhung\",\"roles\":[\"ADMIN\",\"GUEST\"]}"
[3/15/2023, 3:03:46 PM] [SERVER] [info]: [Auth]:: ADMIN --vs-- ADMIN,GUEST
[3/15/2023, 3:03:46 PM] [SERVER] [info]: currentuser:: true
[3/15/2023, 3:03:46 PM] [SERVER] [info]: [ApiKeyService] create::
[3/15/2023, 3:06:15 PM] [SERVER] [info]: Starting server with port:: 9000
[3/15/2023, 3:06:15 PM] [DATABASE] [info]: MongoDb:: [conbocudb] is connected!
[3/15/2023, 3:06:16 PM] [DATABASE] [info]: MongoDb:: [konking] is connected!
[3/15/2023, 3:06:20 PM] [SERVER] [info]: CCMUD90YvklWvyUNt9n3QtsNoSHzK7Uj
[3/15/2023, 3:06:20 PM] [SERVER] [info]: [ApiKeyService] find::
[3/15/2023, 3:06:20 PM] [SERVER] [info]: {
  _id: new ObjectId("641178d2d70b76b1ebc1aeef"),
  key: 'CCMUD90YvklWvyUNt9n3QtsNoSHzK7Uj',
  version: 1,
  permissions: [ 'GENERAL', 'QUAN' ],
  comments: [ 'To be used by the xyz vendor' ],
  createdAt: 2023-03-15T07:50:42.869Z,
  updatedAt: 2023-03-15T07:50:42.869Z
}
[3/15/2023, 3:06:20 PM] [SERVER] [debug]: ::: "{\"userId\":\"5c00eb72-0761-429d-8182-29b2d456722f\",\"username\":\"khakhung\",\"roles\":[\"ADMIN\",\"GUEST\"]}"
[3/15/2023, 3:06:20 PM] [SERVER] [info]: [Auth]:: ADMIN --vs-- ADMIN,GUEST
[3/15/2023, 3:06:20 PM] [SERVER] [info]: currentuser:: true
[3/15/2023, 3:06:20 PM] [SERVER] [info]: [ApiKeyService] create::
[3/15/2023, 3:07:42 PM] [SERVER] [info]: Starting server with port:: 9000
[3/15/2023, 3:07:42 PM] [DATABASE] [info]: MongoDb:: [conbocudb] is connected!
[3/15/2023, 3:07:43 PM] [DATABASE] [info]: MongoDb:: [konking] is connected!
[3/15/2023, 3:07:47 PM] [SERVER] [info]: CCMUD90YvklWvyUNt9n3QtsNoSHzK7Uj
[3/15/2023, 3:07:47 PM] [SERVER] [info]: [ApiKeyService] find::
[3/15/2023, 3:07:47 PM] [SERVER] [info]: {
  _id: new ObjectId("641178d2d70b76b1ebc1aeef"),
  key: 'CCMUD90YvklWvyUNt9n3QtsNoSHzK7Uj',
  version: 1,
  permissions: [ 'GENERAL', 'QUAN' ],
  comments: [ 'To be used by the xyz vendor' ],
  createdAt: 2023-03-15T07:50:42.869Z,
  updatedAt: 2023-03-15T07:50:42.869Z
}
[3/15/2023, 3:07:47 PM] [SERVER] [debug]: ::: "{\"userId\":\"5c00eb72-0761-429d-8182-29b2d456722f\",\"username\":\"khakhung\",\"roles\":[\"ADMIN\",\"GUEST\"]}"
[3/15/2023, 3:07:47 PM] [SERVER] [info]: [Auth]:: ADMIN --vs-- ADMIN,GUEST
[3/15/2023, 3:07:47 PM] [SERVER] [info]: currentuser:: true
[3/15/2023, 3:07:47 PM] [SERVER] [info]: [ApiKeyService] create::
[3/15/2023, 3:08:31 PM] [SERVER] [info]: Starting server with port:: 9000
[3/15/2023, 3:08:31 PM] [DATABASE] [info]: MongoDb:: [conbocudb] is connected!
[3/15/2023, 3:08:31 PM] [DATABASE] [info]: MongoDb:: [konking] is connected!
[3/15/2023, 3:08:34 PM] [SERVER] [info]: CCMUD90YvklWvyUNt9n3QtsNoSHzK7Uj
[3/15/2023, 3:08:34 PM] [SERVER] [info]: [ApiKeyService] find::
[3/15/2023, 3:08:34 PM] [SERVER] [info]: {
  _id: new ObjectId("641178d2d70b76b1ebc1aeef"),
  key: 'CCMUD90YvklWvyUNt9n3QtsNoSHzK7Uj',
  version: 1,
  permissions: [ 'GENERAL', 'QUAN' ],
  comments: [ 'To be used by the xyz vendor' ],
  createdAt: 2023-03-15T07:50:42.869Z,
  updatedAt: 2023-03-15T07:50:42.869Z
}
[3/15/2023, 3:08:34 PM] [SERVER] [debug]: ::: "{\"userId\":\"5c00eb72-0761-429d-8182-29b2d456722f\",\"username\":\"khakhung\",\"roles\":[\"ADMIN\",\"GUEST\"]}"
[3/15/2023, 3:08:34 PM] [SERVER] [info]: [Auth]:: ADMIN --vs-- ADMIN,GUEST
[3/15/2023, 3:08:34 PM] [SERVER] [info]: currentuser:: true
[3/15/2023, 3:08:34 PM] [SERVER] [info]: [ApiKeyService] create::
[3/15/2023, 3:15:42 PM] [SERVER] [error]: SOCKET.IO:: [object Object]
