[1/16/2024, 4:19:38 PM] [DATABASE] [info]: mongodb+srv://conbocu:Nghia385685@cluster0.wvjhzee.mongodb.net/teethdb
[1/16/2024, 4:19:38 PM] [SERVER] [info]: Env:: mongodb+srv://nghiango:Nghia385685@cluster0.qplgqaa.mongodb.net/agentdb?retryWrites=true&w=majority
[1/16/2024, 4:19:38 PM] [SERVER] [info]: Starting server with port:: 9000
[1/16/2024, 4:19:40 PM] [DATABASE] [info]: MongoDb:: is connected!
[1/16/2024, 4:19:40 PM] [DATABASE] [info]: MongoDb:: is connected!
[1/16/2024, 4:19:40 PM] [DATABASE] [info]: MongoDb:: is connected!
[1/16/2024, 4:19:40 PM] [DATABASE] [info]: MongoDb:: is connected!
[1/16/2024, 4:19:40 PM] [DATABASE] [info]: MongoDb:: is connected!
[1/16/2024, 4:19:40 PM] [DATABASE] [info]: MongoDb:: is connected!
[1/16/2024, 4:19:56 PM] [SERVER] [info]: [Service] create::
[1/16/2024, 4:22:27 PM] [DATABASE] [info]: mongodb+srv://conbocu:Nghia385685@cluster0.wvjhzee.mongodb.net/teethdb
[1/16/2024, 4:22:28 PM] [SERVER] [info]: Env:: mongodb+srv://nghiango:Nghia385685@cluster0.qplgqaa.mongodb.net/agentdb?retryWrites=true&w=majority
[1/16/2024, 4:22:28 PM] [SERVER] [info]: Starting server with port:: 9000
[1/16/2024, 4:22:29 PM] [DATABASE] [info]: MongoDb:: is connected!
[1/16/2024, 4:22:29 PM] [DATABASE] [info]: MongoDb:: is connected!
[1/16/2024, 4:22:29 PM] [DATABASE] [info]: MongoDb:: is connected!
[1/16/2024, 4:22:29 PM] [DATABASE] [info]: MongoDb:: is connected!
[1/16/2024, 4:22:29 PM] [DATABASE] [info]: MongoDb:: is connected!
[1/16/2024, 4:22:29 PM] [DATABASE] [info]: MongoDb:: is connected!
[1/16/2024, 4:24:22 PM] [DATABASE] [info]: mongodb+srv://conbocu:Nghia385685@cluster0.wvjhzee.mongodb.net/teethdb
[1/16/2024, 4:24:22 PM] [SERVER] [info]: Env:: mongodb+srv://nghiango:Nghia385685@cluster0.qplgqaa.mongodb.net/agentdb?retryWrites=true&w=majority
[1/16/2024, 4:24:22 PM] [SERVER] [info]: Starting server with port:: 9000
[1/16/2024, 4:24:24 PM] [DATABASE] [info]: MongoDb:: is connected!
[1/16/2024, 4:24:24 PM] [DATABASE] [info]: MongoDb:: is connected!
[1/16/2024, 4:24:24 PM] [DATABASE] [info]: MongoDb:: is connected!
[1/16/2024, 4:24:24 PM] [DATABASE] [info]: MongoDb:: is connected!
[1/16/2024, 4:24:24 PM] [DATABASE] [info]: MongoDb:: is connected!
[1/16/2024, 4:24:24 PM] [DATABASE] [info]: MongoDb:: is connected!
[1/16/2024, 4:25:22 PM] [DATABASE] [info]: mongodb+srv://conbocu:Nghia385685@cluster0.wvjhzee.mongodb.net/teethdb
[1/16/2024, 4:25:22 PM] [SERVER] [info]: Env:: mongodb+srv://nghiango:Nghia385685@cluster0.qplgqaa.mongodb.net/agentdb?retryWrites=true&w=majority
[1/16/2024, 4:25:22 PM] [SERVER] [info]: Starting server with port:: 9000
[1/16/2024, 4:25:23 PM] [DATABASE] [info]: MongoDb:: is connected!
[1/16/2024, 4:25:23 PM] [DATABASE] [info]: MongoDb:: is connected!
[1/16/2024, 4:25:23 PM] [DATABASE] [info]: MongoDb:: is connected!
[1/16/2024, 4:25:23 PM] [DATABASE] [info]: MongoDb:: is connected!
[1/16/2024, 4:25:23 PM] [DATABASE] [info]: MongoDb:: is connected!
[1/16/2024, 4:25:24 PM] [DATABASE] [info]: MongoDb:: is connected!
[1/16/2024, 4:25:30 PM] [DATABASE] [info]: mongodb+srv://conbocu:Nghia385685@cluster0.wvjhzee.mongodb.net/teethdb
[1/16/2024, 4:25:30 PM] [SERVER] [info]: Env:: mongodb+srv://nghiango:Nghia385685@cluster0.qplgqaa.mongodb.net/agentdb?retryWrites=true&w=majority
[1/16/2024, 4:25:30 PM] [SERVER] [info]: Starting server with port:: 9000
[1/16/2024, 4:25:31 PM] [DATABASE] [info]: MongoDb:: is connected!
[1/16/2024, 4:25:31 PM] [DATABASE] [info]: MongoDb:: is connected!
[1/16/2024, 4:25:31 PM] [DATABASE] [info]: MongoDb:: is connected!
[1/16/2024, 4:25:31 PM] [DATABASE] [info]: MongoDb:: is connected!
[1/16/2024, 4:25:31 PM] [DATABASE] [info]: MongoDb:: is connected!
[1/16/2024, 4:25:31 PM] [DATABASE] [info]: MongoDb:: is connected!
[1/16/2024, 4:25:40 PM] [SERVER] [info]: [Service:Transaction] create::
[1/16/2024, 4:25:40 PM] [SERVER] [error]: ERROR [Service:createTransaction]::, Transaction validation failed: transactionId: Path `transactionId` is required.
[1/16/2024, 4:25:40 PM] [SERVER] [warn]: undefined
[1/16/2024, 4:25:40 PM] [SERVER] [error]: [app]:Error: Transaction validation failed: transactionId: Path `transactionId` is required.
[1/16/2024, 4:25:40 PM] [SERVER] [info]: ---------------------------- Error ----------------------------
[1/16/2024, 4:25:52 PM] [SERVER] [info]: [Service:Transaction] create::
[1/16/2024, 4:25:52 PM] [SERVER] [error]: ERROR [Service:createTransaction]::, Transaction validation failed: transactionId: Path `transactionId` is required.
[1/16/2024, 4:25:52 PM] [SERVER] [warn]: undefined
[1/16/2024, 4:25:52 PM] [SERVER] [error]: [app]:Error: Transaction validation failed: transactionId: Path `transactionId` is required.
[1/16/2024, 4:25:52 PM] [SERVER] [info]: ---------------------------- Error ----------------------------
[1/16/2024, 4:25:59 PM] [SERVER] [info]: [Service:Transaction] create::
[1/16/2024, 4:25:59 PM] [SERVER] [error]: ERROR [Service:createTransaction]::, Transaction validation failed: transactionId: Path `transactionId` is required.
[1/16/2024, 4:25:59 PM] [SERVER] [warn]: undefined
[1/16/2024, 4:25:59 PM] [SERVER] [error]: [app]:Error: Transaction validation failed: transactionId: Path `transactionId` is required.
[1/16/2024, 4:25:59 PM] [SERVER] [info]: ---------------------------- Error ----------------------------
[1/16/2024, 4:27:27 PM] [DATABASE] [info]: mongodb+srv://conbocu:Nghia385685@cluster0.wvjhzee.mongodb.net/teethdb
[1/16/2024, 4:27:27 PM] [SERVER] [info]: Env:: mongodb+srv://nghiango:Nghia385685@cluster0.qplgqaa.mongodb.net/agentdb?retryWrites=true&w=majority
[1/16/2024, 4:27:27 PM] [SERVER] [info]: Starting server with port:: 9000
[1/16/2024, 4:27:29 PM] [DATABASE] [info]: MongoDb:: is connected!
[1/16/2024, 4:27:29 PM] [DATABASE] [info]: MongoDb:: is connected!
[1/16/2024, 4:27:29 PM] [DATABASE] [info]: MongoDb:: is connected!
[1/16/2024, 4:27:29 PM] [DATABASE] [info]: MongoDb:: is connected!
[1/16/2024, 4:27:29 PM] [DATABASE] [info]: MongoDb:: is connected!
[1/16/2024, 4:27:29 PM] [DATABASE] [info]: MongoDb:: is connected!
[1/16/2024, 4:27:36 PM] [SERVER] [info]: [Service:Transaction] create::
[1/16/2024, 4:27:44 PM] [SERVER] [info]: [Service:Transaction] create::
[1/16/2024, 4:27:44 PM] [SERVER] [error]: ERROR [Service:createTransaction]::, E11000 duplicate key error collection: transactiondb.transactions index: code_1 dup key: { code: "048583476" }
[1/16/2024, 4:27:44 PM] [SERVER] [warn]: undefined
[1/16/2024, 4:27:44 PM] [SERVER] [error]: [app]:Error: E11000 duplicate key error collection: transactiondb.transactions index: code_1 dup key: { code: "048583476" }
[1/16/2024, 4:27:44 PM] [SERVER] [info]: ---------------------------- Error ----------------------------
[1/16/2024, 4:28:30 PM] [SERVER] [info]: [Service] list sevice
